{"/home/travis/build/npmtest/node-npmtest-sqlite3/test.js":{"path":"/home/travis/build/npmtest/node-npmtest-sqlite3/test.js","s":{"1":2,"2":2,"3":2,"4":2,"5":2,"6":2,"7":2,"8":1,"9":2,"10":2,"11":1,"12":1,"13":1,"14":1,"15":2,"16":2,"17":2,"18":2,"19":1,"20":1,"21":2,"22":2,"23":2,"24":1,"25":1,"26":1,"27":1,"28":1,"29":1,"30":1,"31":1,"32":1,"33":1,"34":1,"35":1,"36":1,"37":1,"38":1,"39":2,"40":2,"41":1,"42":2,"43":2,"44":1,"45":2,"46":2,"47":1,"48":2,"49":2,"50":1,"51":1,"52":1,"53":1,"54":1},"b":{"1":[2,1,1,1],"2":[1,1,1,1],"3":[1,1],"4":[1,1],"5":[1,1],"6":[1,1],"7":[1,1],"8":[1,1],"9":[1,1],"10":[1,1,1],"11":[1,1],"12":[1,1],"13":[1,1],"14":[1,1],"15":[1,1],"16":[1,1],"17":[1,1]},"f":{"1":2,"2":2,"3":2,"4":2,"5":2,"6":1,"7":1,"8":1,"9":2,"10":2,"11":2,"12":2,"13":1},"fnMap":{"1":{"name":"(anonymous_1)","line":12,"loc":{"start":{"line":12,"column":1},"end":{"line":12,"column":13}}},"2":{"name":"(anonymous_2)","line":19,"loc":{"start":{"line":19,"column":5},"end":{"line":19,"column":17}}},"3":{"name":"(anonymous_3)","line":23,"loc":{"start":{"line":23,"column":24},"end":{"line":23,"column":36}}},"4":{"name":"(anonymous_4)","line":61,"loc":{"start":{"line":61,"column":5},"end":{"line":61,"column":17}}},"5":{"name":"(anonymous_5)","line":82,"loc":{"start":{"line":82,"column":5},"end":{"line":82,"column":17}}},"6":{"name":"(anonymous_6)","line":91,"loc":{"start":{"line":91,"column":77},"end":{"line":94,"column":10}}},"7":{"name":"(anonymous_7)","line":112,"loc":{"start":{"line":112,"column":83},"end":{"line":115,"column":10}},"skip":true},"8":{"name":"(anonymous_8)","line":123,"loc":{"start":{"line":123,"column":77},"end":{"line":126,"column":10}},"skip":true},"9":{"name":"(anonymous_9)","line":139,"loc":{"start":{"line":139,"column":12},"end":{"line":139,"column":40}},"skip":true},"10":{"name":"(anonymous_10)","line":147,"loc":{"start":{"line":147,"column":77},"end":{"line":150,"column":10}},"skip":true},"11":{"name":"(anonymous_11)","line":158,"loc":{"start":{"line":158,"column":83},"end":{"line":161,"column":10}},"skip":true},"12":{"name":"(anonymous_12)","line":169,"loc":{"start":{"line":169,"column":79},"end":{"line":172,"column":10}},"skip":true},"13":{"name":"(anonymous_13)","line":180,"loc":{"start":{"line":180,"column":75},"end":{"line":183,"column":10}},"skip":true}},"statementMap":{"1":{"start":{"line":12,"column":0},"end":{"line":195,"column":5}},"2":{"start":{"line":14,"column":4},"end":{"line":14,"column":14}},"3":{"start":{"line":19,"column":4},"end":{"line":56,"column":9}},"4":{"start":{"line":21,"column":8},"end":{"line":21,"column":19}},"5":{"start":{"line":23,"column":8},"end":{"line":35,"column":13}},"6":{"start":{"line":24,"column":12},"end":{"line":34,"column":13}},"7":{"start":{"line":25,"column":16},"end":{"line":28,"column":30}},"8":{"start":{"line":30,"column":16},"end":{"line":33,"column":27}},"9":{"start":{"line":37,"column":8},"end":{"line":39,"column":21}},"10":{"start":{"line":40,"column":8},"end":{"line":53,"column":9}},"11":{"start":{"line":43,"column":12},"end":{"line":46,"column":14}},"12":{"start":{"line":47,"column":12},"end":{"line":47,"column":18}},"13":{"start":{"line":50,"column":12},"end":{"line":51,"column":46}},"14":{"start":{"line":52,"column":12},"end":{"line":52,"column":18}},"15":{"start":{"line":55,"column":8},"end":{"line":55,"column":35}},"16":{"start":{"line":61,"column":4},"end":{"line":63,"column":9}},"17":{"start":{"line":62,"column":8},"end":{"line":62,"column":15}},"18":{"start":{"line":64,"column":4},"end":{"line":77,"column":5}},"19":{"start":{"line":70,"column":8},"end":{"line":70,"column":14}},"20":{"start":{"line":76,"column":8},"end":{"line":76,"column":14}},"21":{"start":{"line":82,"column":4},"end":{"line":84,"column":9}},"22":{"start":{"line":83,"column":8},"end":{"line":83,"column":15}},"23":{"start":{"line":85,"column":4},"end":{"line":194,"column":5}},"24":{"start":{"line":91,"column":8},"end":{"line":99,"column":10}},"25":{"start":{"line":98,"column":12},"end":{"line":98,"column":35}},"26":{"start":{"line":102,"column":8},"end":{"line":104,"column":63}},"27":{"start":{"line":105,"column":8},"end":{"line":105,"column":14}},"28":{"start":{"line":112,"column":8},"end":{"line":121,"column":10},"skip":true},"29":{"start":{"line":119,"column":12},"end":{"line":119,"column":55},"skip":true},"30":{"start":{"line":120,"column":12},"end":{"line":120,"column":48},"skip":true},"31":{"start":{"line":123,"column":8},"end":{"line":136,"column":10},"skip":true},"32":{"start":{"line":130,"column":12},"end":{"line":130,"column":76},"skip":true},"33":{"start":{"line":131,"column":12},"end":{"line":131,"column":73},"skip":true},"34":{"start":{"line":132,"column":12},"end":{"line":132,"column":74},"skip":true},"35":{"start":{"line":133,"column":12},"end":{"line":133,"column":79},"skip":true},"36":{"start":{"line":134,"column":12},"end":{"line":134,"column":25},"skip":true},"37":{"start":{"line":135,"column":12},"end":{"line":135,"column":45},"skip":true},"38":{"start":{"line":138,"column":8},"end":{"line":145,"column":14},"skip":true},"39":{"start":{"line":143,"column":16},"end":{"line":143,"column":29},"skip":true},"40":{"start":{"line":144,"column":16},"end":{"line":144,"column":55},"skip":true},"41":{"start":{"line":147,"column":8},"end":{"line":156,"column":10},"skip":true},"42":{"start":{"line":154,"column":12},"end":{"line":154,"column":25},"skip":true},"43":{"start":{"line":155,"column":12},"end":{"line":155,"column":45},"skip":true},"44":{"start":{"line":158,"column":8},"end":{"line":167,"column":10},"skip":true},"45":{"start":{"line":165,"column":12},"end":{"line":165,"column":25},"skip":true},"46":{"start":{"line":166,"column":12},"end":{"line":166,"column":48},"skip":true},"47":{"start":{"line":169,"column":8},"end":{"line":178,"column":10},"skip":true},"48":{"start":{"line":176,"column":12},"end":{"line":176,"column":25},"skip":true},"49":{"start":{"line":177,"column":12},"end":{"line":177,"column":46},"skip":true},"50":{"start":{"line":180,"column":8},"end":{"line":189,"column":10},"skip":true},"51":{"start":{"line":187,"column":12},"end":{"line":187,"column":94},"skip":true},"52":{"start":{"line":188,"column":12},"end":{"line":188,"column":48},"skip":true},"53":{"start":{"line":192,"column":8},"end":{"line":192,"column":35},"skip":true},"54":{"start":{"line":193,"column":8},"end":{"line":193,"column":14},"skip":true}},"branchMap":{"1":{"line":25,"type":"binary-expr","locations":[{"start":{"line":25,"column":23},"end":{"line":25,"column":62}},{"start":{"line":26,"column":20},"end":{"line":26,"column":70}},{"start":{"line":27,"column":20},"end":{"line":27,"column":71}},{"start":{"line":28,"column":20},"end":{"line":28,"column":29}}]},"2":{"line":30,"type":"binary-expr","locations":[{"start":{"line":30,"column":23},"end":{"line":30,"column":37}},{"start":{"line":31,"column":20},"end":{"line":31,"column":61}},{"start":{"line":32,"column":20},"end":{"line":32,"column":70}},{"start":{"line":33,"column":20},"end":{"line":33,"column":26}}]},"3":{"line":37,"type":"cond-expr","locations":[{"start":{"line":38,"column":14},"end":{"line":38,"column":20}},{"start":{"line":39,"column":14},"end":{"line":39,"column":20}}]},"4":{"line":40,"type":"switch","locations":[{"start":{"line":42,"column":8},"end":{"line":47,"column":18}},{"start":{"line":49,"column":8},"end":{"line":52,"column":18}}]},"5":{"line":44,"type":"binary-expr","locations":[{"start":{"line":44,"column":16},"end":{"line":44,"column":44}},{"start":{"line":44,"column":48},"end":{"line":44,"column":66}}]},"6":{"line":50,"type":"binary-expr","locations":[{"start":{"line":50,"column":21},"end":{"line":50,"column":49}},{"start":{"line":50,"column":53},"end":{"line":50,"column":72}}]},"7":{"line":64,"type":"switch","locations":[{"start":{"line":69,"column":4},"end":{"line":70,"column":14}},{"start":{"line":75,"column":4},"end":{"line":76,"column":14}}]},"8":{"line":85,"type":"switch","locations":[{"start":{"line":90,"column":4},"end":{"line":105,"column":14}},{"start":{"line":111,"column":4},"end":{"line":193,"column":14},"skip":true}]},"9":{"line":91,"type":"binary-expr","locations":[{"start":{"line":91,"column":42},"end":{"line":91,"column":73}},{"start":{"line":91,"column":77},"end":{"line":99,"column":9}}]},"10":{"line":102,"type":"binary-expr","locations":[{"start":{"line":102,"column":18},"end":{"line":102,"column":32}},{"start":{"line":103,"column":12},"end":{"line":103,"column":53}},{"start":{"line":104,"column":12},"end":{"line":104,"column":61}}]},"11":{"line":112,"type":"binary-expr","locations":[{"start":{"line":112,"column":45},"end":{"line":112,"column":79},"skip":true},{"start":{"line":112,"column":83},"end":{"line":121,"column":9},"skip":true}]},"12":{"line":123,"type":"binary-expr","locations":[{"start":{"line":123,"column":42},"end":{"line":123,"column":73},"skip":true},{"start":{"line":123,"column":77},"end":{"line":136,"column":9},"skip":true}]},"13":{"line":138,"type":"binary-expr","locations":[{"start":{"line":138,"column":48},"end":{"line":138,"column":85},"skip":true},{"start":{"line":139,"column":12},"end":{"line":145,"column":13},"skip":true}]},"14":{"line":147,"type":"binary-expr","locations":[{"start":{"line":147,"column":42},"end":{"line":147,"column":73},"skip":true},{"start":{"line":147,"column":77},"end":{"line":156,"column":9},"skip":true}]},"15":{"line":158,"type":"binary-expr","locations":[{"start":{"line":158,"column":45},"end":{"line":158,"column":79},"skip":true},{"start":{"line":158,"column":83},"end":{"line":167,"column":9},"skip":true}]},"16":{"line":169,"type":"binary-expr","locations":[{"start":{"line":169,"column":43},"end":{"line":169,"column":75},"skip":true},{"start":{"line":169,"column":79},"end":{"line":178,"column":9},"skip":true}]},"17":{"line":180,"type":"binary-expr","locations":[{"start":{"line":180,"column":41},"end":{"line":180,"column":71},"skip":true},{"start":{"line":180,"column":75},"end":{"line":189,"column":9},"skip":true}]}},"code":["/* istanbul instrument in package npmtest_sqlite3 */","/*jslint","    bitwise: true,","    browser: true,","    maxerr: 8,","    maxlen: 96,","    node: true,","    nomen: true,","    regexp: true,","    stupid: true","*/","(function () {","    'use strict';","    var local;","","","","    // run shared js-env code - pre-init","    (function () {","        // init local","        local = {};","        // init modeJs","        local.modeJs = (function () {","            try {","                return typeof navigator.userAgent === 'string' &&","                    typeof document.querySelector('body') === 'object' &&","                    typeof XMLHttpRequest.prototype.open === 'function' &&","                    'browser';","            } catch (errorCaughtBrowser) {","                return module.exports &&","                    typeof process.versions.node === 'string' &&","                    typeof require('http').createServer === 'function' &&","                    'node';","            }","        }());","        // init global","        local.global = local.modeJs === 'browser'","            ? window","            : global;","        switch (local.modeJs) {","        // re-init local from window.local","        case 'browser':","            local = local.global.utility2.objectSetDefault(","                local.global.utility2_rollup || local.global.local,","                local.global.utility2","            );","            break;","        // re-init local from example.js","        case 'node':","            local = (local.global.utility2_rollup || require('utility2'))","                .requireExampleJsFromReadme();","            break;","        }","        // export local","        local.global.local = local;","    }());","","","","    // run shared js-env code - function","    (function () {","        return;","    }());","    switch (local.modeJs) {","","","","    // run browser js-env code - function","    case 'browser':","        break;","","","","    // run node js-env code - function","    case 'node':","        break;","    }","","","","    // run shared js-env code - post-init","    (function () {","        return;","    }());","    switch (local.modeJs) {","","","","    // run browser js-env code - post-init","    case 'browser':","        local.testCase_browser_nullCase = local.testCase_browser_nullCase || function (","            options,","            onError","        ) {","        /*","         * this function will test browsers's null-case handling-behavior-behavior","         */","            onError(null, options);","        };","","        // run tests","        local.nop(local.modeTest &&","            document.querySelector('#testRunButton1') &&","            document.querySelector('#testRunButton1').click());","        break;","","","","    // run node js-env code - post-init","    /* istanbul ignore next */","    case 'node':","        local.testCase_buildApidoc_default = local.testCase_buildApidoc_default || function (","            options,","            onError","        ) {","        /*","         * this function will test buildApidoc's default handling-behavior-behavior","         */","            options = { modulePathList: module.paths };","            local.buildApidoc(options, onError);","        };","","        local.testCase_buildApp_default = local.testCase_buildApp_default || function (","            options,","            onError","        ) {","        /*","         * this function will test buildApp's default handling-behavior-behavior","         */","            local.testCase_buildReadme_default(options, local.onErrorThrow);","            local.testCase_buildLib_default(options, local.onErrorThrow);","            local.testCase_buildTest_default(options, local.onErrorThrow);","            local.testCase_buildCustomOrg_default(options, local.onErrorThrow);","            options = [];","            local.buildApp(options, onError);","        };","","        local.testCase_buildCustomOrg_default = local.testCase_buildCustomOrg_default ||","            function (options, onError) {","            /*","             * this function will test buildCustomOrg's default handling-behavior","             */","                options = {};","                local.buildCustomOrg(options, onError);","            };","","        local.testCase_buildLib_default = local.testCase_buildLib_default || function (","            options,","            onError","        ) {","        /*","         * this function will test buildLib's default handling-behavior","         */","            options = {};","            local.buildLib(options, onError);","        };","","        local.testCase_buildReadme_default = local.testCase_buildReadme_default || function (","            options,","            onError","        ) {","        /*","         * this function will test buildReadme's default handling-behavior-behavior","         */","            options = {};","            local.buildReadme(options, onError);","        };","","        local.testCase_buildTest_default = local.testCase_buildTest_default || function (","            options,","            onError","        ) {","        /*","         * this function will test buildTest's default handling-behavior","         */","            options = {};","            local.buildTest(options, onError);","        };","","        local.testCase_webpage_default = local.testCase_webpage_default || function (","            options,","            onError","        ) {","        /*","         * this function will test webpage's default handling-behavior","         */","            options = { modeCoverageMerge: true, url: local.serverLocalHost + '?modeTest=1' };","            local.browserTest(options, onError);","        };","","        // run test-server","        local.testRunServer(local);","        break;","    }","}());",""],"l":{"12":2,"14":2,"19":2,"21":2,"23":2,"24":2,"25":2,"30":1,"37":2,"40":2,"43":1,"47":1,"50":1,"52":1,"55":2,"61":2,"62":2,"64":2,"70":1,"76":1,"82":2,"83":2,"85":2,"91":1,"98":1,"102":1,"105":1,"112":1,"119":1,"120":1,"123":1,"130":1,"131":1,"132":1,"133":1,"134":1,"135":1,"138":1,"143":2,"144":2,"147":1,"154":2,"155":2,"158":1,"165":2,"166":2,"169":1,"176":2,"177":2,"180":1,"187":1,"188":1,"192":1,"193":1}},"/home/travis/build/npmtest/node-npmtest-sqlite3/lib.npmtest_sqlite3.js":{"path":"/home/travis/build/npmtest/node-npmtest-sqlite3/lib.npmtest_sqlite3.js","s":{"1":2,"2":2,"3":2,"4":2,"5":2,"6":2,"7":2,"8":1,"9":2,"10":2,"11":2,"12":2,"13":1,"14":1,"15":1,"16":1},"b":{"1":[2,1,1,1],"2":[1,1,1,1],"3":[1,1],"4":[2,2],"5":[1,1]},"f":{"1":2,"2":2,"3":2},"fnMap":{"1":{"name":"(anonymous_1)","line":12,"loc":{"start":{"line":12,"column":1},"end":{"line":12,"column":13}}},"2":{"name":"(anonymous_2)","line":19,"loc":{"start":{"line":19,"column":5},"end":{"line":19,"column":17}}},"3":{"name":"(anonymous_3)","line":23,"loc":{"start":{"line":23,"column":24},"end":{"line":23,"column":36}}}},"statementMap":{"1":{"start":{"line":12,"column":0},"end":{"line":53,"column":5}},"2":{"start":{"line":14,"column":4},"end":{"line":14,"column":14}},"3":{"start":{"line":19,"column":4},"end":{"line":52,"column":9}},"4":{"start":{"line":21,"column":8},"end":{"line":21,"column":19}},"5":{"start":{"line":23,"column":8},"end":{"line":35,"column":13}},"6":{"start":{"line":24,"column":12},"end":{"line":34,"column":13}},"7":{"start":{"line":25,"column":16},"end":{"line":28,"column":30}},"8":{"start":{"line":30,"column":16},"end":{"line":33,"column":27}},"9":{"start":{"line":37,"column":8},"end":{"line":39,"column":21}},"10":{"start":{"line":41,"column":8},"end":{"line":41,"column":54}},"11":{"start":{"line":43,"column":8},"end":{"line":43,"column":52}},"12":{"start":{"line":45,"column":8},"end":{"line":51,"column":9}},"13":{"start":{"line":46,"column":12},"end":{"line":46,"column":58}},"14":{"start":{"line":48,"column":12},"end":{"line":48,"column":35}},"15":{"start":{"line":49,"column":12},"end":{"line":49,"column":49}},"16":{"start":{"line":50,"column":12},"end":{"line":50,"column":43}}},"branchMap":{"1":{"line":25,"type":"binary-expr","locations":[{"start":{"line":25,"column":23},"end":{"line":25,"column":62}},{"start":{"line":26,"column":20},"end":{"line":26,"column":70}},{"start":{"line":27,"column":20},"end":{"line":27,"column":71}},{"start":{"line":28,"column":20},"end":{"line":28,"column":29}}]},"2":{"line":30,"type":"binary-expr","locations":[{"start":{"line":30,"column":23},"end":{"line":30,"column":37}},{"start":{"line":31,"column":20},"end":{"line":31,"column":61}},{"start":{"line":32,"column":20},"end":{"line":32,"column":70}},{"start":{"line":33,"column":20},"end":{"line":33,"column":26}}]},"3":{"line":37,"type":"cond-expr","locations":[{"start":{"line":38,"column":14},"end":{"line":38,"column":20}},{"start":{"line":39,"column":14},"end":{"line":39,"column":20}}]},"4":{"line":41,"type":"binary-expr","locations":[{"start":{"line":41,"column":16},"end":{"line":41,"column":44}},{"start":{"line":41,"column":48},"end":{"line":41,"column":53}}]},"5":{"line":45,"type":"if","locations":[{"start":{"line":45,"column":8},"end":{"line":45,"column":8}},{"start":{"line":45,"column":8},"end":{"line":45,"column":8}}]}},"code":["/* istanbul instrument in package npmtest_sqlite3 */","/*jslint","    bitwise: true,","    browser: true,","    maxerr: 8,","    maxlen: 96,","    node: true,","    nomen: true,","    regexp: true,","    stupid: true","*/","(function () {","    'use strict';","    var local;","","","","    // run shared js-env code - pre-init","    (function () {","        // init local","        local = {};","        // init modeJs","        local.modeJs = (function () {","            try {","                return typeof navigator.userAgent === 'string' &&","                    typeof document.querySelector('body') === 'object' &&","                    typeof XMLHttpRequest.prototype.open === 'function' &&","                    'browser';","            } catch (errorCaughtBrowser) {","                return module.exports &&","                    typeof process.versions.node === 'string' &&","                    typeof require('http').createServer === 'function' &&","                    'node';","            }","        }());","        // init global","        local.global = local.modeJs === 'browser'","            ? window","            : global;","        // init utility2_rollup","        local = local.global.utility2_rollup || local;","        // init lib","        local.local = local.npmtest_sqlite3 = local;","        // init exports","        if (local.modeJs === 'browser') {","            local.global.utility2_npmtest_sqlite3 = local;","        } else {","            module.exports = local;","            module.exports.__dirname = __dirname;","            module.exports.module = module;","        }","    }());","}());",""],"l":{"12":2,"14":2,"19":2,"21":2,"23":2,"24":2,"25":2,"30":1,"37":2,"41":2,"43":2,"45":2,"46":1,"48":1,"49":1,"50":1}},"/home/travis/build/npmtest/node-npmtest-sqlite3/example.js":{"path":"/home/travis/build/npmtest/node-npmtest-sqlite3/example.js","s":{"1":2,"2":2,"3":2,"4":2,"5":2,"6":2,"7":2,"8":1,"9":2,"10":2,"11":2,"12":2,"13":1,"14":2,"15":2,"16":2,"17":2,"18":2,"19":0,"20":2,"21":1,"22":1,"23":1,"24":1,"25":1,"26":0,"27":0,"28":1,"29":1,"30":2,"31":0,"32":0,"33":0,"34":1,"35":2,"36":2,"37":3,"38":3,"39":3,"40":3,"41":0,"42":3,"43":3,"44":3,"45":1,"46":3,"47":1,"48":1,"49":1,"50":1,"51":1,"52":1,"53":1,"54":1,"55":1,"56":1,"57":0,"58":1,"59":6,"60":6,"61":1,"62":2,"63":0,"64":2,"65":1,"66":1,"67":0,"68":0,"69":0,"70":0,"71":0,"72":0,"73":0,"74":0,"75":0,"76":0,"77":0,"78":0,"79":0,"80":0,"81":0,"82":0,"83":0},"b":{"1":[2,1,1,1],"2":[1,1,1,1],"3":[1,1],"4":[2,2],"5":[1,1],"6":[1,1],"7":[2,0],"8":[2,1,1,1,1,1],"9":[0,2,0],"10":[1,1],"11":[2,1,1],"12":[1,0],"13":[0,2],"14":[2,0,0,0,0,0,0],"15":[0,3],"16":[3,0],"17":[1,1],"18":[0,1],"19":[1,2,0,2],"20":[1,0],"21":[1,1],"22":[0,0],"23":[0,0],"24":[0,0],"25":[0,0],"26":[0,0],"27":[0,0],"28":[0,0]},"f":{"1":2,"2":2,"3":2,"4":2,"5":2,"6":2,"7":3,"8":3,"9":3,"10":1,"11":6,"12":0},"fnMap":{"1":{"name":"(anonymous_1)","line":26,"loc":{"start":{"line":26,"column":1},"end":{"line":26,"column":13}}},"2":{"name":"(anonymous_2)","line":33,"loc":{"start":{"line":33,"column":5},"end":{"line":33,"column":17}}},"3":{"name":"(anonymous_3)","line":37,"loc":{"start":{"line":37,"column":24},"end":{"line":37,"column":36}}},"4":{"name":"(anonymous_4)","line":69,"loc":{"start":{"line":69,"column":31},"end":{"line":69,"column":48}},"skip":true},"5":{"name":"(anonymous_5)","line":78,"loc":{"start":{"line":78,"column":26},"end":{"line":78,"column":45}},"skip":true},"6":{"name":"(anonymous_6)","line":123,"loc":{"start":{"line":123,"column":33},"end":{"line":123,"column":48}},"skip":true},"7":{"name":"(anonymous_7)","line":125,"loc":{"start":{"line":125,"column":27},"end":{"line":125,"column":39}},"skip":true},"8":{"name":"(anonymous_8)","line":133,"loc":{"start":{"line":133,"column":59},"end":{"line":133,"column":74}},"skip":true},"9":{"name":"(anonymous_9)","line":143,"loc":{"start":{"line":143,"column":45},"end":{"line":143,"column":62}},"skip":true},"10":{"name":"(anonymous_10)","line":144,"loc":{"start":{"line":144,"column":73},"end":{"line":144,"column":92}},"skip":true},"11":{"name":"(anonymous_11)","line":272,"loc":{"start":{"line":272,"column":51},"end":{"line":272,"column":77}},"skip":true},"12":{"name":"(anonymous_12)","line":315,"loc":{"start":{"line":315,"column":32},"end":{"line":315,"column":61}},"skip":true}},"statementMap":{"1":{"start":{"line":26,"column":0},"end":{"line":326,"column":5}},"2":{"start":{"line":28,"column":4},"end":{"line":28,"column":14}},"3":{"start":{"line":33,"column":4},"end":{"line":60,"column":9}},"4":{"start":{"line":35,"column":8},"end":{"line":35,"column":19}},"5":{"start":{"line":37,"column":8},"end":{"line":49,"column":13}},"6":{"start":{"line":38,"column":12},"end":{"line":48,"column":13}},"7":{"start":{"line":39,"column":16},"end":{"line":42,"column":30}},"8":{"start":{"line":44,"column":16},"end":{"line":47,"column":27}},"9":{"start":{"line":51,"column":8},"end":{"line":53,"column":21}},"10":{"start":{"line":55,"column":8},"end":{"line":57,"column":45}},"11":{"start":{"line":59,"column":8},"end":{"line":59,"column":35}},"12":{"start":{"line":61,"column":4},"end":{"line":325,"column":5}},"13":{"start":{"line":69,"column":8},"end":{"line":121,"column":10},"skip":true},"14":{"start":{"line":70,"column":12},"end":{"line":88,"column":13},"skip":true},"15":{"start":{"line":76,"column":16},"end":{"line":87,"column":19},"skip":true},"16":{"start":{"line":79,"column":20},"end":{"line":86,"column":21},"skip":true},"17":{"start":{"line":82,"column":24},"end":{"line":82,"column":43},"skip":true},"18":{"start":{"line":83,"column":24},"end":{"line":83,"column":30},"skip":true},"19":{"start":{"line":85,"column":24},"end":{"line":85,"column":49},"skip":true},"20":{"start":{"line":89,"column":12},"end":{"line":107,"column":13},"skip":true},"21":{"start":{"line":92,"column":16},"end":{"line":102,"column":17},"skip":true},"22":{"start":{"line":93,"column":20},"end":{"line":93,"column":86},"skip":true},"23":{"start":{"line":94,"column":20},"end":{"line":95,"column":45},"skip":true},"24":{"start":{"line":96,"column":20},"end":{"line":96,"column":42},"skip":true},"25":{"start":{"line":97,"column":20},"end":{"line":97,"column":48},"skip":true},"26":{"start":{"line":100,"column":20},"end":{"line":100,"column":85},"skip":true},"27":{"start":{"line":101,"column":20},"end":{"line":101,"column":96},"skip":true},"28":{"start":{"line":103,"column":16},"end":{"line":103,"column":22},"skip":true},"29":{"start":{"line":106,"column":16},"end":{"line":106,"column":22},"skip":true},"30":{"start":{"line":108,"column":12},"end":{"line":120,"column":13},"skip":true},"31":{"start":{"line":114,"column":16},"end":{"line":119,"column":17},"skip":true},"32":{"start":{"line":116,"column":20},"end":{"line":116,"column":78},"skip":true},"33":{"start":{"line":118,"column":20},"end":{"line":118,"column":47},"skip":true},"34":{"start":{"line":123,"column":8},"end":{"line":141,"column":11},"skip":true},"35":{"start":{"line":124,"column":12},"end":{"line":124,"column":54},"skip":true},"36":{"start":{"line":125,"column":12},"end":{"line":140,"column":14},"skip":true},"37":{"start":{"line":126,"column":16},"end":{"line":126,"column":28},"skip":true},"38":{"start":{"line":127,"column":16},"end":{"line":127,"column":69},"skip":true},"39":{"start":{"line":128,"column":16},"end":{"line":128,"column":75},"skip":true},"40":{"start":{"line":129,"column":16},"end":{"line":131,"column":17},"skip":true},"41":{"start":{"line":130,"column":20},"end":{"line":130,"column":27},"skip":true},"42":{"start":{"line":133,"column":16},"end":{"line":137,"column":36},"skip":true},"43":{"start":{"line":134,"column":20},"end":{"line":136,"column":55},"skip":true},"44":{"start":{"line":139,"column":16},"end":{"line":139,"column":57},"skip":true},"45":{"start":{"line":143,"column":8},"end":{"line":147,"column":11},"skip":true},"46":{"start":{"line":144,"column":12},"end":{"line":146,"column":15},"skip":true},"47":{"start":{"line":145,"column":16},"end":{"line":145,"column":70},"skip":true},"48":{"start":{"line":149,"column":8},"end":{"line":149,"column":31},"skip":true},"49":{"start":{"line":150,"column":8},"end":{"line":150,"column":14},"skip":true},"50":{"start":{"line":158,"column":8},"end":{"line":158,"column":31},"skip":true},"51":{"start":{"line":160,"column":8},"end":{"line":160,"column":33},"skip":true},"52":{"start":{"line":161,"column":8},"end":{"line":161,"column":37},"skip":true},"53":{"start":{"line":162,"column":8},"end":{"line":162,"column":35},"skip":true},"54":{"start":{"line":164,"column":8},"end":{"line":164,"column":50},"skip":true},"55":{"start":{"line":166,"column":8},"end":{"line":256,"column":2},"skip":true},"56":{"start":{"line":258,"column":8},"end":{"line":286,"column":9},"skip":true},"57":{"start":{"line":259,"column":12},"end":{"line":269,"column":14},"skip":true},"58":{"start":{"line":271,"column":12},"end":{"line":285,"column":19},"skip":true},"59":{"start":{"line":274,"column":20},"end":{"line":274,"column":35},"skip":true},"60":{"start":{"line":275,"column":20},"end":{"line":284,"column":21},"skip":true},"61":{"start":{"line":277,"column":24},"end":{"line":277,"column":64},"skip":true},"62":{"start":{"line":279,"column":24},"end":{"line":279,"column":40},"skip":true},"63":{"start":{"line":281,"column":24},"end":{"line":281,"column":40},"skip":true},"64":{"start":{"line":283,"column":24},"end":{"line":283,"column":39},"skip":true},"65":{"start":{"line":288,"column":8},"end":{"line":290,"column":9},"skip":true},"66":{"start":{"line":289,"column":12},"end":{"line":289,"column":18},"skip":true},"67":{"start":{"line":291,"column":8},"end":{"line":293,"column":54},"skip":true},"68":{"start":{"line":296,"column":8},"end":{"line":301,"column":37},"skip":true},"69":{"start":{"line":303,"column":8},"end":{"line":303,"column":82},"skip":true},"70":{"start":{"line":306,"column":8},"end":{"line":308,"column":9},"skip":true},"71":{"start":{"line":307,"column":12},"end":{"line":307,"column":82},"skip":true},"72":{"start":{"line":310,"column":8},"end":{"line":312,"column":9},"skip":true},"73":{"start":{"line":311,"column":12},"end":{"line":311,"column":18},"skip":true},"74":{"start":{"line":313,"column":8},"end":{"line":313,"column":54},"skip":true},"75":{"start":{"line":314,"column":8},"end":{"line":314,"column":69},"skip":true},"76":{"start":{"line":315,"column":8},"end":{"line":323,"column":36},"skip":true},"77":{"start":{"line":316,"column":12},"end":{"line":316,"column":61},"skip":true},"78":{"start":{"line":317,"column":12},"end":{"line":320,"column":13},"skip":true},"79":{"start":{"line":318,"column":16},"end":{"line":318,"column":75},"skip":true},"80":{"start":{"line":319,"column":16},"end":{"line":319,"column":23},"skip":true},"81":{"start":{"line":321,"column":12},"end":{"line":321,"column":38},"skip":true},"82":{"start":{"line":322,"column":12},"end":{"line":322,"column":27},"skip":true},"83":{"start":{"line":324,"column":8},"end":{"line":324,"column":14},"skip":true}},"branchMap":{"1":{"line":39,"type":"binary-expr","locations":[{"start":{"line":39,"column":23},"end":{"line":39,"column":62}},{"start":{"line":40,"column":20},"end":{"line":40,"column":70}},{"start":{"line":41,"column":20},"end":{"line":41,"column":71}},{"start":{"line":42,"column":20},"end":{"line":42,"column":29}}]},"2":{"line":44,"type":"binary-expr","locations":[{"start":{"line":44,"column":23},"end":{"line":44,"column":37}},{"start":{"line":45,"column":20},"end":{"line":45,"column":61}},{"start":{"line":46,"column":20},"end":{"line":46,"column":70}},{"start":{"line":47,"column":20},"end":{"line":47,"column":26}}]},"3":{"line":51,"type":"cond-expr","locations":[{"start":{"line":52,"column":14},"end":{"line":52,"column":20}},{"start":{"line":53,"column":14},"end":{"line":53,"column":20}}]},"4":{"line":55,"type":"binary-expr","locations":[{"start":{"line":55,"column":16},"end":{"line":55,"column":44}},{"start":{"line":55,"column":49},"end":{"line":57,"column":43}}]},"5":{"line":55,"type":"cond-expr","locations":[{"start":{"line":56,"column":14},"end":{"line":56,"column":51}},{"start":{"line":57,"column":14},"end":{"line":57,"column":43}}]},"6":{"line":61,"type":"switch","locations":[{"start":{"line":68,"column":4},"end":{"line":150,"column":14},"skip":true},{"start":{"line":156,"column":4},"end":{"line":324,"column":14},"skip":true}]},"7":{"line":70,"type":"if","locations":[{"start":{"line":70,"column":12},"end":{"line":70,"column":12},"skip":true},{"start":{"line":70,"column":12},"end":{"line":70,"column":12},"skip":true}]},"8":{"line":70,"type":"binary-expr","locations":[{"start":{"line":70,"column":16},"end":{"line":70,"column":22},"skip":true},{"start":{"line":70,"column":27},"end":{"line":70,"column":32},"skip":true},{"start":{"line":71,"column":20},"end":{"line":71,"column":39},"skip":true},{"start":{"line":72,"column":20},"end":{"line":72,"column":49},"skip":true},{"start":{"line":73,"column":20},"end":{"line":73,"column":58},"skip":true},{"start":{"line":74,"column":20},"end":{"line":74,"column":69},"skip":true}]},"9":{"line":79,"type":"switch","locations":[{"start":{"line":80,"column":20},"end":{"line":80,"column":33},"skip":true},{"start":{"line":81,"column":20},"end":{"line":83,"column":30},"skip":true},{"start":{"line":84,"column":20},"end":{"line":85,"column":49},"skip":true}]},"10":{"line":89,"type":"switch","locations":[{"start":{"line":90,"column":12},"end":{"line":103,"column":22},"skip":true},{"start":{"line":105,"column":12},"end":{"line":106,"column":22},"skip":true}]},"11":{"line":89,"type":"binary-expr","locations":[{"start":{"line":89,"column":20},"end":{"line":89,"column":25},"skip":true},{"start":{"line":89,"column":29},"end":{"line":89,"column":48},"skip":true},{"start":{"line":89,"column":52},"end":{"line":89,"column":74},"skip":true}]},"12":{"line":92,"type":"if","locations":[{"start":{"line":92,"column":16},"end":{"line":92,"column":16},"skip":true},{"start":{"line":92,"column":16},"end":{"line":92,"column":16},"skip":true}]},"13":{"line":108,"type":"if","locations":[{"start":{"line":108,"column":12},"end":{"line":108,"column":12},"skip":true},{"start":{"line":108,"column":12},"end":{"line":108,"column":12},"skip":true}]},"14":{"line":108,"type":"binary-expr","locations":[{"start":{"line":108,"column":16},"end":{"line":108,"column":61},"skip":true},{"start":{"line":108,"column":66},"end":{"line":108,"column":72},"skip":true},{"start":{"line":108,"column":77},"end":{"line":108,"column":82},"skip":true},{"start":{"line":109,"column":20},"end":{"line":109,"column":39},"skip":true},{"start":{"line":110,"column":20},"end":{"line":110,"column":49},"skip":true},{"start":{"line":111,"column":20},"end":{"line":111,"column":58},"skip":true},{"start":{"line":112,"column":20},"end":{"line":112,"column":68},"skip":true}]},"15":{"line":129,"type":"if","locations":[{"start":{"line":129,"column":16},"end":{"line":129,"column":16},"skip":true},{"start":{"line":129,"column":16},"end":{"line":129,"column":16},"skip":true}]},"16":{"line":134,"type":"cond-expr","locations":[{"start":{"line":135,"column":26},"end":{"line":135,"column":29},"skip":true},{"start":{"line":136,"column":26},"end":{"line":136,"column":54},"skip":true}]},"17":{"line":164,"type":"binary-expr","locations":[{"start":{"line":164,"column":27},"end":{"line":164,"column":43},"skip":true},{"start":{"line":164,"column":47},"end":{"line":164,"column":49},"skip":true}]},"18":{"line":258,"type":"if","locations":[{"start":{"line":258,"column":8},"end":{"line":258,"column":8},"skip":true},{"start":{"line":258,"column":8},"end":{"line":258,"column":8},"skip":true}]},"19":{"line":275,"type":"switch","locations":[{"start":{"line":276,"column":20},"end":{"line":277,"column":64},"skip":true},{"start":{"line":278,"column":20},"end":{"line":279,"column":40},"skip":true},{"start":{"line":280,"column":20},"end":{"line":281,"column":40},"skip":true},{"start":{"line":282,"column":20},"end":{"line":283,"column":39},"skip":true}]},"20":{"line":288,"type":"if","locations":[{"start":{"line":288,"column":8},"end":{"line":288,"column":8},"skip":true},{"start":{"line":288,"column":8},"end":{"line":288,"column":8},"skip":true}]},"21":{"line":288,"type":"binary-expr","locations":[{"start":{"line":288,"column":12},"end":{"line":288,"column":40},"skip":true},{"start":{"line":288,"column":44},"end":{"line":288,"column":67},"skip":true}]},"22":{"line":292,"type":"binary-expr","locations":[{"start":{"line":292,"column":12},"end":{"line":292,"column":50},"skip":true},{"start":{"line":293,"column":12},"end":{"line":293,"column":53},"skip":true}]},"23":{"line":297,"type":"binary-expr","locations":[{"start":{"line":297,"column":12},"end":{"line":297,"column":65},"skip":true},{"start":{"line":298,"column":12},"end":{"line":301,"column":36},"skip":true}]},"24":{"line":303,"type":"binary-expr","locations":[{"start":{"line":303,"column":43},"end":{"line":303,"column":75},"skip":true},{"start":{"line":303,"column":79},"end":{"line":303,"column":81},"skip":true}]},"25":{"line":306,"type":"if","locations":[{"start":{"line":306,"column":8},"end":{"line":306,"column":8},"skip":true},{"start":{"line":306,"column":8},"end":{"line":306,"column":8},"skip":true}]},"26":{"line":310,"type":"if","locations":[{"start":{"line":310,"column":8},"end":{"line":310,"column":8},"skip":true},{"start":{"line":310,"column":8},"end":{"line":310,"column":8},"skip":true}]},"27":{"line":313,"type":"binary-expr","locations":[{"start":{"line":313,"column":27},"end":{"line":313,"column":43},"skip":true},{"start":{"line":313,"column":47},"end":{"line":313,"column":53},"skip":true}]},"28":{"line":317,"type":"if","locations":[{"start":{"line":317,"column":12},"end":{"line":317,"column":12},"skip":true},{"start":{"line":317,"column":12},"end":{"line":317,"column":12},"skip":true}]}},"code":["/*","example.js","","quickstart example","","instruction","    1. save this script as example.js","    2. run the shell command:","        $ npm install npmtest-sqlite3 && PORT=8081 node example.js","    3. play with the browser-demo on http://127.0.0.1:8081","*/","","","","/* istanbul instrument in package npmtest_sqlite3 */","/*jslint","    bitwise: true,","    browser: true,","    maxerr: 8,","    maxlen: 96,","    node: true,","    nomen: true,","    regexp: true,","    stupid: true","*/","(function () {","    'use strict';","    var local;","","","","    // run shared js-env code - pre-init","    (function () {","        // init local","        local = {};","        // init modeJs","        local.modeJs = (function () {","            try {","                return typeof navigator.userAgent === 'string' &&","                    typeof document.querySelector('body') === 'object' &&","                    typeof XMLHttpRequest.prototype.open === 'function' &&","                    'browser';","            } catch (errorCaughtBrowser) {","                return module.exports &&","                    typeof process.versions.node === 'string' &&","                    typeof require('http').createServer === 'function' &&","                    'node';","            }","        }());","        // init global","        local.global = local.modeJs === 'browser'","            ? window","            : global;","        // init utility2_rollup","        local = local.global.utility2_rollup || (local.modeJs === 'browser'","            ? local.global.utility2_npmtest_sqlite3","            : global.utility2_moduleExports);","        // export local","        local.global.local = local;","    }());","    switch (local.modeJs) {","","","","    // post-init","    // run browser js-env code - post-init","    /* istanbul ignore next */","    case 'browser':","        local.testRunBrowser = function (event) {","            if (!event || (event &&","                    event.currentTarget &&","                    event.currentTarget.className &&","                    event.currentTarget.className.includes &&","                    event.currentTarget.className.includes('onreset'))) {","                // reset output","                Array.from(","                    document.querySelectorAll('body > .resettable')","                ).forEach(function (element) {","                    switch (element.tagName) {","                    case 'INPUT':","                    case 'TEXTAREA':","                        element.value = '';","                        break;","                    default:","                        element.textContent = '';","                    }","                });","            }","            switch (event && event.currentTarget && event.currentTarget.id) {","            case 'testRunButton1':","                // show tests","                if (document.querySelector('#testReportDiv1').style.display === 'none') {","                    document.querySelector('#testReportDiv1').style.display = 'block';","                    document.querySelector('#testRunButton1').textContent =","                        'hide internal test';","                    local.modeTest = true;","                    local.testRunDefault(local);","                // hide tests","                } else {","                    document.querySelector('#testReportDiv1').style.display = 'none';","                    document.querySelector('#testRunButton1').textContent = 'run internal test';","                }","                break;","            // custom-case","            default:","                break;","            }","            if (document.querySelector('#inputTextareaEval1') && (!event || (event &&","                    event.currentTarget &&","                    event.currentTarget.className &&","                    event.currentTarget.className.includes &&","                    event.currentTarget.className.includes('oneval')))) {","                // try to eval input-code","                try {","                    /*jslint evil: true*/","                    eval(document.querySelector('#inputTextareaEval1').value);","                } catch (errorCaught) {","                    console.error(errorCaught);","                }","            }","        };","        // log stderr and stdout to #outputTextareaStdout1","        ['error', 'log'].forEach(function (key) {","            console[key + '_original'] = console[key];","            console[key] = function () {","                var element;","                console[key + '_original'].apply(console, arguments);","                element = document.querySelector('#outputTextareaStdout1');","                if (!element) {","                    return;","                }","                // append text to #outputTextareaStdout1","                element.value += Array.from(arguments).map(function (arg) {","                    return typeof arg === 'string'","                        ? arg","                        : JSON.stringify(arg, null, 4);","                }).join(' ') + '\\n';","                // scroll textarea to bottom","                element.scrollTop = element.scrollHeight;","            };","        });","        // init event-handling","        ['change', 'click', 'keyup'].forEach(function (event) {","            Array.from(document.querySelectorAll('.on' + event)).forEach(function (element) {","                element.addEventListener(event, local.testRunBrowser);","            });","        });","        // run tests","        local.testRunBrowser();","        break;","","","","    // run node js-env code - post-init","    /* istanbul ignore next */","    case 'node':","        // export local","        module.exports = local;","        // require modules","        local.fs = require('fs');","        local.http = require('http');","        local.url = require('url');","        // init assets","        local.assetsDict = local.assetsDict || {};","        /* jslint-ignore-begin */","        local.assetsDict['/assets.index.template.html'] = '\\","<!doctype html>\\n\\","<html lang=\"en\">\\n\\","<head>\\n\\","<meta charset=\"UTF-8\">\\n\\","<meta name=\"viewport\" content=\"width=device-width, initial-scale=1\">\\n\\","<title>{{env.npm_package_name}} (v{{env.npm_package_version}})</title>\\n\\","<style>\\n\\","/*csslint\\n\\","    box-sizing: false,\\n\\","    universal-selector: false\\n\\","*/\\n\\","* {\\n\\","    box-sizing: border-box;\\n\\","}\\n\\","body {\\n\\","    background: #dde;\\n\\","    font-family: Arial, Helvetica, sans-serif;\\n\\","    margin: 2rem;\\n\\","}\\n\\","body > * {\\n\\","    margin-bottom: 1rem;\\n\\","}\\n\\",".utility2FooterDiv {\\n\\","    margin-top: 20px;\\n\\","    text-align: center;\\n\\","}\\n\\","</style>\\n\\","<style>\\n\\","/*csslint\\n\\","*/\\n\\","textarea {\\n\\","    font-family: monospace;\\n\\","    height: 10rem;\\n\\","    width: 100%;\\n\\","}\\n\\","textarea[readonly] {\\n\\","    background: #ddd;\\n\\","}\\n\\","</style>\\n\\","</head>\\n\\","<body>\\n\\","<!-- utility2-comment\\n\\","<div id=\"ajaxProgressDiv1\" style=\"background: #d00; height: 2px; left: 0; margin: 0; padding: 0; position: fixed; top: 0; transition: background 0.5s, width 1.5s; width: 25%;\"></div>\\n\\","utility2-comment -->\\n\\","<h1>\\n\\","<!-- utility2-comment\\n\\","    <a\\n\\","        {{#if env.npm_package_homepage}}\\n\\","        href=\"{{env.npm_package_homepage}}\"\\n\\","        {{/if env.npm_package_homepage}}\\n\\","        target=\"_blank\"\\n\\","    >\\n\\","utility2-comment -->\\n\\","        {{env.npm_package_name}} (v{{env.npm_package_version}})\\n\\","<!-- utility2-comment\\n\\","    </a>\\n\\","utility2-comment -->\\n\\","</h1>\\n\\","<h3>{{env.npm_package_description}}</h3>\\n\\","<!-- utility2-comment\\n\\","<h4><a download href=\"assets.app.js\">download standalone app</a></h4>\\n\\","<button class=\"onclick onreset\" id=\"testRunButton1\">run internal test</button><br>\\n\\","<div id=\"testReportDiv1\" style=\"display: none;\"></div>\\n\\","utility2-comment -->\\n\\","\\n\\","\\n\\","\\n\\","<label>stderr and stdout</label>\\n\\","<textarea class=\"resettable\" id=\"outputTextareaStdout1\" readonly></textarea>\\n\\","<!-- utility2-comment\\n\\","{{#if isRollup}}\\n\\","<script src=\"assets.app.js\"></script>\\n\\","{{#unless isRollup}}\\n\\","utility2-comment -->\\n\\","<script src=\"assets.utility2.rollup.js\"></script>\\n\\","<script src=\"jsonp.utility2._stateInit?callback=window.utility2._stateInit\"></script>\\n\\","<script src=\"assets.npmtest_sqlite3.rollup.js\"></script>\\n\\","<script src=\"assets.example.js\"></script>\\n\\","<script src=\"assets.test.js\"></script>\\n\\","<!-- utility2-comment\\n\\","{{/if isRollup}}\\n\\","utility2-comment -->\\n\\","<div class=\"utility2FooterDiv\">\\n\\","    [ this app was created with\\n\\","    <a href=\"https://github.com/kaizhu256/node-utility2\" target=\"_blank\">utility2</a>\\n\\","    ]\\n\\","</div>\\n\\","</body>\\n\\","</html>\\n\\","';","        /* jslint-ignore-end */","        if (local.templateRender) {","            local.assetsDict['/'] = local.templateRender(","                local.assetsDict['/assets.index.template.html'],","                {","                    env: local.objectSetDefault(local.env, {","                        npm_package_description: 'the greatest app in the world!',","                        npm_package_name: 'my-app',","                        npm_package_nameAlias: 'my_app',","                        npm_package_version: '0.0.1'","                    })","                }","            );","        } else {","            local.assetsDict['/'] = local.assetsDict['/assets.index.template.html']","                .replace((/\\{\\{env\\.(\\w+?)\\}\\}/g), function (match0, match1) {","                    // jslint-hack","                    String(match0);","                    switch (match1) {","                    case 'npm_package_description':","                        return 'the greatest app in the world!';","                    case 'npm_package_name':","                        return 'my-app';","                    case 'npm_package_nameAlias':","                        return 'my_app';","                    case 'npm_package_version':","                        return '0.0.1';","                    }","                });","        }","        // run the cli","        if (local.global.utility2_rollup || module !== require.main) {","            break;","        }","        local.assetsDict['/assets.example.js'] =","            local.assetsDict['/assets.example.js'] ||","            local.fs.readFileSync(__filename, 'utf8');","        // bug-workaround - long $npm_package_buildCustomOrg","        /* jslint-ignore-begin */","        local.assetsDict['/assets.npmtest_sqlite3.rollup.js'] =","            local.assetsDict['/assets.npmtest_sqlite3.rollup.js'] ||","            local.fs.readFileSync(","                local.npmtest_sqlite3.__dirname + '/lib.npmtest_sqlite3.js',","                'utf8'","            ).replace((/^#!/), '//');","        /* jslint-ignore-end */","        local.assetsDict['/favicon.ico'] = local.assetsDict['/favicon.ico'] || '';","        // if $npm_config_timeout_exit exists,","        // then exit this process after $npm_config_timeout_exit ms","        if (Number(process.env.npm_config_timeout_exit)) {","            setTimeout(process.exit, Number(process.env.npm_config_timeout_exit));","        }","        // start server","        if (local.global.utility2_serverHttp1) {","            break;","        }","        process.env.PORT = process.env.PORT || '8081';","        console.error('server starting on port ' + process.env.PORT);","        local.http.createServer(function (request, response) {","            request.urlParsed = local.url.parse(request.url);","            if (local.assetsDict[request.urlParsed.pathname] !== undefined) {","                response.end(local.assetsDict[request.urlParsed.pathname]);","                return;","            }","            response.statusCode = 404;","            response.end();","        }).listen(process.env.PORT);","        break;","    }","}());",""],"l":{"26":2,"28":2,"33":2,"35":2,"37":2,"38":2,"39":2,"44":1,"51":2,"55":2,"59":2,"61":2,"69":1,"70":2,"76":2,"79":2,"82":2,"83":2,"85":1,"89":2,"92":1,"93":1,"94":1,"96":1,"97":1,"100":1,"101":1,"103":1,"106":1,"108":2,"114":1,"116":1,"118":1,"123":1,"124":2,"125":2,"126":3,"127":3,"128":3,"129":3,"130":1,"133":3,"134":3,"139":3,"143":1,"144":3,"145":1,"149":1,"150":1,"158":1,"160":1,"161":1,"162":1,"164":1,"166":1,"258":1,"259":1,"271":1,"274":6,"275":6,"277":1,"279":2,"281":1,"283":2,"288":1,"289":1,"291":1,"296":1,"303":1,"306":1,"307":1,"310":1,"311":1,"313":1,"314":1,"315":1,"316":1,"317":1,"318":1,"319":1,"321":1,"322":1,"324":1}},"/home/travis/build/npmtest/node-npmtest-sqlite3/node_modules/sqlite3/lib/sqlite3.js":{"path":"/home/travis/build/npmtest/node-npmtest-sqlite3/node_modules/sqlite3/lib/sqlite3.js","s":{"1":1,"2":1,"3":1,"4":1,"5":1,"6":1,"7":1,"8":6,"9":0,"10":0,"11":0,"12":0,"13":0,"14":0,"15":0,"16":0,"17":0,"18":1,"19":2,"20":32,"21":1,"22":0,"23":0,"24":0,"25":0,"26":1,"27":0,"28":0,"29":0,"30":0,"31":0,"32":0,"33":0,"34":0,"35":0,"36":0,"37":1,"38":1,"39":1,"40":1,"41":1,"42":0,"43":1,"44":0,"45":0,"46":1,"47":0,"48":0,"49":1,"50":0,"51":0,"52":1,"53":0,"54":0,"55":1,"56":0,"57":0,"58":1,"59":0,"60":0,"61":0,"62":0,"63":0,"64":0,"65":0,"66":0,"67":0,"68":0,"69":0,"70":0,"71":0,"72":0,"73":0,"74":0,"75":1,"76":1,"77":1,"78":0,"79":0,"80":0,"81":0,"82":1,"83":0,"84":0,"85":0,"86":0,"87":1,"88":0,"89":0,"90":0,"91":0,"92":1,"93":0,"94":0,"95":0,"96":0,"97":0,"98":0,"99":0,"100":0},"b":{"1":[0,0],"2":[0,0],"3":[0,0],"4":[0,0],"5":[0,0],"6":[0,0],"7":[0,0],"8":[0,0],"9":[0,0],"10":[0,0],"11":[0,0],"12":[0,0],"13":[0,0],"14":[0,0],"15":[0,0],"16":[0,0],"17":[0,0]},"f":{"1":6,"2":0,"3":0,"4":2,"5":0,"6":0,"7":0,"8":0,"9":0,"10":0,"11":0,"12":0,"13":0,"14":0,"15":0,"16":0,"17":0,"18":0,"19":0,"20":0},"fnMap":{"1":{"name":"normalizeMethod","line":8,"loc":{"start":{"line":8,"column":0},"end":{"line":8,"column":30}}},"2":{"name":"(anonymous_2)","line":9,"loc":{"start":{"line":9,"column":11},"end":{"line":9,"column":26}}},"3":{"name":"(anonymous_3)","line":14,"loc":{"start":{"line":14,"column":22},"end":{"line":14,"column":36}}},"4":{"name":"inherits","line":25,"loc":{"start":{"line":25,"column":0},"end":{"line":25,"column":34}}},"5":{"name":"(anonymous_5)","line":31,"loc":{"start":{"line":31,"column":14},"end":{"line":31,"column":35}}},"6":{"name":"cb","line":39,"loc":{"start":{"line":39,"column":8},"end":{"line":39,"column":22}}},"7":{"name":"(anonymous_7)","line":67,"loc":{"start":{"line":67,"column":45},"end":{"line":67,"column":73}}},"8":{"name":"(anonymous_8)","line":74,"loc":{"start":{"line":74,"column":41},"end":{"line":74,"column":69}}},"9":{"name":"(anonymous_9)","line":80,"loc":{"start":{"line":80,"column":41},"end":{"line":80,"column":69}}},"10":{"name":"(anonymous_10)","line":86,"loc":{"start":{"line":86,"column":41},"end":{"line":86,"column":69}}},"11":{"name":"(anonymous_11)","line":92,"loc":{"start":{"line":92,"column":42},"end":{"line":92,"column":70}}},"12":{"name":"(anonymous_12)","line":97,"loc":{"start":{"line":97,"column":41},"end":{"line":97,"column":69}}},"13":{"name":"(anonymous_13)","line":102,"loc":{"start":{"line":102,"column":26},"end":{"line":102,"column":37}}},"14":{"name":"(anonymous_14)","line":105,"loc":{"start":{"line":105,"column":16},"end":{"line":105,"column":36}}},"15":{"name":"(anonymous_15)","line":132,"loc":{"start":{"line":132,"column":57},"end":{"line":132,"column":72}}},"16":{"name":"(anonymous_16)","line":140,"loc":{"start":{"line":140,"column":36},"end":{"line":140,"column":51}}},"17":{"name":"(anonymous_17)","line":148,"loc":{"start":{"line":148,"column":40},"end":{"line":148,"column":55}}},"18":{"name":"(anonymous_18)","line":157,"loc":{"start":{"line":157,"column":18},"end":{"line":157,"column":29}}},"19":{"name":"(anonymous_19)","line":169,"loc":{"start":{"line":169,"column":18},"end":{"line":169,"column":34}}},"20":{"name":"(anonymous_20)","line":181,"loc":{"start":{"line":181,"column":18},"end":{"line":181,"column":34}}}},"statementMap":{"1":{"start":{"line":1,"column":0},"end":{"line":1,"column":37}},"2":{"start":{"line":2,"column":0},"end":{"line":2,"column":27}},"3":{"start":{"line":3,"column":0},"end":{"line":3,"column":85}},"4":{"start":{"line":4,"column":0},"end":{"line":4,"column":36}},"5":{"start":{"line":5,"column":0},"end":{"line":5,"column":49}},"6":{"start":{"line":6,"column":0},"end":{"line":6,"column":50}},"7":{"start":{"line":8,"column":0},"end":{"line":23,"column":1}},"8":{"start":{"line":9,"column":4},"end":{"line":22,"column":6}},"9":{"start":{"line":10,"column":8},"end":{"line":10,"column":20}},"10":{"start":{"line":11,"column":8},"end":{"line":11,"column":60}},"11":{"start":{"line":12,"column":8},"end":{"line":19,"column":9}},"12":{"start":{"line":13,"column":12},"end":{"line":13,"column":49}},"13":{"start":{"line":14,"column":12},"end":{"line":18,"column":14}},"14":{"start":{"line":15,"column":16},"end":{"line":17,"column":17}},"15":{"start":{"line":16,"column":20},"end":{"line":16,"column":34}},"16":{"start":{"line":20,"column":8},"end":{"line":20,"column":58}},"17":{"start":{"line":21,"column":8},"end":{"line":21,"column":46}},"18":{"start":{"line":25,"column":0},"end":{"line":28,"column":1}},"19":{"start":{"line":26,"column":4},"end":{"line":27,"column":50}},"20":{"start":{"line":27,"column":8},"end":{"line":27,"column":50}},"21":{"start":{"line":30,"column":0},"end":{"line":57,"column":2}},"22":{"start":{"line":32,"column":8},"end":{"line":35,"column":9}},"23":{"start":{"line":34,"column":12},"end":{"line":34,"column":44}},"24":{"start":{"line":37,"column":8},"end":{"line":37,"column":15}},"25":{"start":{"line":38,"column":8},"end":{"line":38,"column":34}},"26":{"start":{"line":39,"column":8},"end":{"line":39,"column":50}},"27":{"start":{"line":39,"column":24},"end":{"line":39,"column":48}},"28":{"start":{"line":41,"column":8},"end":{"line":52,"column":9}},"29":{"start":{"line":42,"column":12},"end":{"line":42,"column":73}},"30":{"start":{"line":46,"column":12},"end":{"line":46,"column":46}},"31":{"start":{"line":47,"column":12},"end":{"line":47,"column":59}},"32":{"start":{"line":48,"column":12},"end":{"line":51,"column":13}},"33":{"start":{"line":49,"column":16},"end":{"line":50,"column":41}},"34":{"start":{"line":49,"column":29},"end":{"line":49,"column":50}},"35":{"start":{"line":50,"column":21},"end":{"line":50,"column":41}},"36":{"start":{"line":54,"column":8},"end":{"line":54,"column":18}},"37":{"start":{"line":60,"column":0},"end":{"line":60,"column":32}},"38":{"start":{"line":61,"column":0},"end":{"line":61,"column":34}},"39":{"start":{"line":63,"column":0},"end":{"line":63,"column":33}},"40":{"start":{"line":64,"column":0},"end":{"line":64,"column":34}},"41":{"start":{"line":67,"column":0},"end":{"line":71,"column":3}},"42":{"start":{"line":68,"column":4},"end":{"line":70,"column":20}},"43":{"start":{"line":74,"column":0},"end":{"line":77,"column":3}},"44":{"start":{"line":75,"column":4},"end":{"line":75,"column":54}},"45":{"start":{"line":76,"column":4},"end":{"line":76,"column":16}},"46":{"start":{"line":80,"column":0},"end":{"line":83,"column":3}},"47":{"start":{"line":81,"column":4},"end":{"line":81,"column":54}},"48":{"start":{"line":82,"column":4},"end":{"line":82,"column":16}},"49":{"start":{"line":86,"column":0},"end":{"line":89,"column":3}},"50":{"start":{"line":87,"column":4},"end":{"line":87,"column":54}},"51":{"start":{"line":88,"column":4},"end":{"line":88,"column":16}},"52":{"start":{"line":92,"column":0},"end":{"line":95,"column":3}},"53":{"start":{"line":93,"column":4},"end":{"line":93,"column":55}},"54":{"start":{"line":94,"column":4},"end":{"line":94,"column":16}},"55":{"start":{"line":97,"column":0},"end":{"line":100,"column":3}},"56":{"start":{"line":98,"column":4},"end":{"line":98,"column":54}},"57":{"start":{"line":99,"column":4},"end":{"line":99,"column":16}},"58":{"start":{"line":102,"column":0},"end":{"line":126,"column":2}},"59":{"start":{"line":103,"column":4},"end":{"line":103,"column":55}},"60":{"start":{"line":104,"column":4},"end":{"line":104,"column":32}},"61":{"start":{"line":105,"column":4},"end":{"line":124,"column":7}},"62":{"start":{"line":106,"column":8},"end":{"line":106,"column":38}},"63":{"start":{"line":106,"column":17},"end":{"line":106,"column":38}},"64":{"start":{"line":107,"column":8},"end":{"line":107,"column":24}},"65":{"start":{"line":108,"column":8},"end":{"line":122,"column":9}},"66":{"start":{"line":109,"column":12},"end":{"line":109,"column":59}},"67":{"start":{"line":110,"column":12},"end":{"line":121,"column":13}},"68":{"start":{"line":112,"column":16},"end":{"line":114,"column":17}},"69":{"start":{"line":113,"column":20},"end":{"line":113,"column":51}},"70":{"start":{"line":116,"column":16},"end":{"line":116,"column":36}},"71":{"start":{"line":118,"column":16},"end":{"line":120,"column":17}},"72":{"start":{"line":119,"column":20},"end":{"line":119,"column":58}},"73":{"start":{"line":123,"column":8},"end":{"line":123,"column":30}},"74":{"start":{"line":125,"column":4},"end":{"line":125,"column":40}},"75":{"start":{"line":128,"column":0},"end":{"line":128,"column":22}},"76":{"start":{"line":130,"column":0},"end":{"line":130,"column":75}},"77":{"start":{"line":132,"column":0},"end":{"line":138,"column":2}},"78":{"start":{"line":133,"column":4},"end":{"line":133,"column":72}},"79":{"start":{"line":134,"column":4},"end":{"line":136,"column":5}},"80":{"start":{"line":135,"column":8},"end":{"line":135,"column":35}},"81":{"start":{"line":137,"column":4},"end":{"line":137,"column":15}},"82":{"start":{"line":140,"column":0},"end":{"line":146,"column":2}},"83":{"start":{"line":141,"column":4},"end":{"line":141,"column":75}},"84":{"start":{"line":142,"column":4},"end":{"line":144,"column":5}},"85":{"start":{"line":143,"column":8},"end":{"line":143,"column":36}},"86":{"start":{"line":145,"column":4},"end":{"line":145,"column":15}},"87":{"start":{"line":148,"column":0},"end":{"line":154,"column":2}},"88":{"start":{"line":149,"column":4},"end":{"line":149,"column":79}},"89":{"start":{"line":150,"column":4},"end":{"line":152,"column":5}},"90":{"start":{"line":151,"column":8},"end":{"line":151,"column":36}},"91":{"start":{"line":153,"column":4},"end":{"line":153,"column":15}},"92":{"start":{"line":157,"column":0},"end":{"line":188,"column":2}},"93":{"start":{"line":158,"column":4},"end":{"line":185,"column":5}},"94":{"start":{"line":159,"column":8},"end":{"line":159,"column":39}},"95":{"start":{"line":160,"column":8},"end":{"line":171,"column":11}},"96":{"start":{"line":170,"column":12},"end":{"line":170,"column":56}},"97":{"start":{"line":172,"column":8},"end":{"line":183,"column":11}},"98":{"start":{"line":182,"column":12},"end":{"line":182,"column":57}},"99":{"start":{"line":184,"column":8},"end":{"line":184,"column":25}},"100":{"start":{"line":187,"column":4},"end":{"line":187,"column":16}}},"branchMap":{"1":{"line":12,"type":"if","locations":[{"start":{"line":12,"column":8},"end":{"line":12,"column":8}},{"start":{"line":12,"column":8},"end":{"line":12,"column":8}}]},"2":{"line":15,"type":"if","locations":[{"start":{"line":15,"column":16},"end":{"line":15,"column":16}},{"start":{"line":15,"column":16},"end":{"line":15,"column":16}}]},"3":{"line":32,"type":"if","locations":[{"start":{"line":32,"column":8},"end":{"line":32,"column":8}},{"start":{"line":32,"column":8},"end":{"line":32,"column":8}}]},"4":{"line":32,"type":"binary-expr","locations":[{"start":{"line":32,"column":12},"end":{"line":32,"column":23}},{"start":{"line":32,"column":27},"end":{"line":32,"column":46}}]},"5":{"line":41,"type":"if","locations":[{"start":{"line":41,"column":8},"end":{"line":41,"column":8}},{"start":{"line":41,"column":8},"end":{"line":41,"column":8}}]},"6":{"line":47,"type":"cond-expr","locations":[{"start":{"line":47,"column":53},"end":{"line":47,"column":54}},{"start":{"line":47,"column":57},"end":{"line":47,"column":58}}]},"7":{"line":48,"type":"if","locations":[{"start":{"line":48,"column":12},"end":{"line":48,"column":12}},{"start":{"line":48,"column":12},"end":{"line":48,"column":12}}]},"8":{"line":49,"type":"if","locations":[{"start":{"line":49,"column":16},"end":{"line":49,"column":16}},{"start":{"line":49,"column":16},"end":{"line":49,"column":16}}]},"9":{"line":68,"type":"cond-expr","locations":[{"start":{"line":69,"column":10},"end":{"line":69,"column":49}},{"start":{"line":70,"column":10},"end":{"line":70,"column":19}}]},"10":{"line":106,"type":"if","locations":[{"start":{"line":106,"column":8},"end":{"line":106,"column":8}},{"start":{"line":106,"column":8},"end":{"line":106,"column":8}}]},"11":{"line":108,"type":"if","locations":[{"start":{"line":108,"column":8},"end":{"line":108,"column":8}},{"start":{"line":108,"column":8},"end":{"line":108,"column":8}}]},"12":{"line":110,"type":"if","locations":[{"start":{"line":110,"column":12},"end":{"line":110,"column":12}},{"start":{"line":110,"column":12},"end":{"line":110,"column":12}}]},"13":{"line":134,"type":"if","locations":[{"start":{"line":134,"column":4},"end":{"line":134,"column":4}},{"start":{"line":134,"column":4},"end":{"line":134,"column":4}}]},"14":{"line":142,"type":"if","locations":[{"start":{"line":142,"column":4},"end":{"line":142,"column":4}},{"start":{"line":142,"column":4},"end":{"line":142,"column":4}}]},"15":{"line":142,"type":"binary-expr","locations":[{"start":{"line":142,"column":8},"end":{"line":142,"column":42}},{"start":{"line":142,"column":46},"end":{"line":142,"column":65}}]},"16":{"line":150,"type":"if","locations":[{"start":{"line":150,"column":4},"end":{"line":150,"column":4}},{"start":{"line":150,"column":4},"end":{"line":150,"column":4}}]},"17":{"line":158,"type":"if","locations":[{"start":{"line":158,"column":4},"end":{"line":158,"column":4}},{"start":{"line":158,"column":4},"end":{"line":158,"column":4}}]}},"code":["var binary = require('node-pre-gyp');","var path = require('path');","var binding_path = binary.find(path.resolve(path.join(__dirname,'../package.json')));","var binding = require(binding_path);","var sqlite3 = module.exports = exports = binding;","var EventEmitter = require('events').EventEmitter;","","function normalizeMethod (fn) {","    return function (sql) {","        var errBack;","        var args = Array.prototype.slice.call(arguments, 1);","        if (typeof args[args.length - 1] === 'function') {","            var callback = args[args.length - 1];","            errBack = function(err) {","                if (err) {","                    callback(err);","                }","            };","        }","        var statement = new Statement(this, sql, errBack);","        return fn.call(this, statement, args);","    };","}","","function inherits(target, source) {","    for (var k in source.prototype)","        target.prototype[k] = source.prototype[k];","}","","sqlite3.cached = {","    Database: function(file, a, b) {","        if (file === '' || file === ':memory:') {","            // Don't cache special databases.","            return new Database(file, a, b);","        }","","        var db;","        file = path.resolve(file);","        function cb() { callback.call(db, null); }","","        if (!sqlite3.cached.objects[file]) {","            db = sqlite3.cached.objects[file] = new Database(file, a, b);","        }","        else {","            // Make sure the callback is called.","            db = sqlite3.cached.objects[file];","            var callback = (typeof a === 'number') ? b : a;","            if (typeof callback === 'function') {","                if (db.open) process.nextTick(cb);","                else db.once('open', cb);","            }","        }","","        return db;","    },","    objects: {}","};","","","var Database = sqlite3.Database;","var Statement = sqlite3.Statement;","","inherits(Database, EventEmitter);","inherits(Statement, EventEmitter);","","// Database#prepare(sql, [bind1, bind2, ...], [callback])","Database.prototype.prepare = normalizeMethod(function(statement, params) {","    return params.length","        ? statement.bind.apply(statement, params)","        : statement;","});","","// Database#run(sql, [bind1, bind2, ...], [callback])","Database.prototype.run = normalizeMethod(function(statement, params) {","    statement.run.apply(statement, params).finalize();","    return this;","});","","// Database#get(sql, [bind1, bind2, ...], [callback])","Database.prototype.get = normalizeMethod(function(statement, params) {","    statement.get.apply(statement, params).finalize();","    return this;","});","","// Database#all(sql, [bind1, bind2, ...], [callback])","Database.prototype.all = normalizeMethod(function(statement, params) {","    statement.all.apply(statement, params).finalize();","    return this;","});","","// Database#each(sql, [bind1, bind2, ...], [callback], [complete])","Database.prototype.each = normalizeMethod(function(statement, params) {","    statement.each.apply(statement, params).finalize();","    return this;","});","","Database.prototype.map = normalizeMethod(function(statement, params) {","    statement.map.apply(statement, params).finalize();","    return this;","});","","Statement.prototype.map = function() {","    var params = Array.prototype.slice.call(arguments);","    var callback = params.pop();","    params.push(function(err, rows) {","        if (err) return callback(err);","        var result = {};","        if (rows.length) {","            var keys = Object.keys(rows[0]), key = keys[0];","            if (keys.length > 2) {","                // Value is an object","                for (var i = 0; i < rows.length; i++) {","                    result[rows[i][key]] = rows[i];","                }","            } else {","                var value = keys[1];","                // Value is a plain value","                for (i = 0; i < rows.length; i++) {","                    result[rows[i][key]] = rows[i][value];","                }","            }","        }","        callback(err, result);","    });","    return this.all.apply(this, params);","};","","var isVerbose = false;","","var supportedEvents = [ 'trace', 'profile', 'insert', 'update', 'delete' ];","","Database.prototype.addListener = Database.prototype.on = function(type) {","    var val = EventEmitter.prototype.addListener.apply(this, arguments);","    if (supportedEvents.indexOf(type) >= 0) {","        this.configure(type, true);","    }","    return val;","};","","Database.prototype.removeListener = function(type) {","    var val = EventEmitter.prototype.removeListener.apply(this, arguments);","    if (supportedEvents.indexOf(type) >= 0 && !this._events[type]) {","        this.configure(type, false);","    }","    return val;","};","","Database.prototype.removeAllListeners = function(type) {","    var val = EventEmitter.prototype.removeAllListeners.apply(this, arguments);","    if (supportedEvents.indexOf(type) >= 0) {","        this.configure(type, false);","    }","    return val;","};","","// Save the stack trace over EIO callbacks.","sqlite3.verbose = function() {","    if (!isVerbose) {","        var trace = require('./trace');","        [","            'prepare',","            'get',","            'run',","            'all',","            'each',","            'map',","            'close',","            'exec'","        ].forEach(function (name) {","            trace.extendTrace(Database.prototype, name);","        });","        [","            'bind',","            'get',","            'run',","            'all',","            'each',","            'map',","            'reset',","            'finalize',","        ].forEach(function (name) {","            trace.extendTrace(Statement.prototype, name);","        });","        isVerbose = true;","    }","","    return this;","};",""],"l":{"1":1,"2":1,"3":1,"4":1,"5":1,"6":1,"8":1,"9":6,"10":0,"11":0,"12":0,"13":0,"14":0,"15":0,"16":0,"20":0,"21":0,"25":1,"26":2,"27":32,"30":1,"32":0,"34":0,"37":0,"38":0,"39":1,"41":0,"42":0,"46":0,"47":0,"48":0,"49":0,"50":0,"54":0,"60":1,"61":1,"63":1,"64":1,"67":1,"68":0,"74":1,"75":0,"76":0,"80":1,"81":0,"82":0,"86":1,"87":0,"88":0,"92":1,"93":0,"94":0,"97":1,"98":0,"99":0,"102":1,"103":0,"104":0,"105":0,"106":0,"107":0,"108":0,"109":0,"110":0,"112":0,"113":0,"116":0,"118":0,"119":0,"123":0,"125":0,"128":1,"130":1,"132":1,"133":0,"134":0,"135":0,"137":0,"140":1,"141":0,"142":0,"143":0,"145":0,"148":1,"149":0,"150":0,"151":0,"153":0,"157":1,"158":0,"159":0,"160":0,"170":0,"172":0,"182":0,"184":0,"187":0}},"/home/travis/build/npmtest/node-npmtest-sqlite3/node_modules/sqlite3/node_modules/node-pre-gyp/lib/node-pre-gyp.js":{"path":"/home/travis/build/npmtest/node-npmtest-sqlite3/node_modules/sqlite3/node_modules/node-pre-gyp/lib/node-pre-gyp.js","s":{"1":1,"2":1,"3":1,"4":1,"5":1,"6":1,"7":1,"8":1,"9":1,"10":1,"11":1,"12":0,"13":0,"14":0,"15":0,"16":0,"17":0,"18":1,"19":1,"20":1,"21":1,"22":1,"23":1,"24":1,"25":1,"26":0,"27":0,"28":0,"29":0,"30":0,"31":0,"32":0,"33":0,"34":0,"35":0,"36":0,"37":0,"38":0,"39":0,"40":0,"41":0,"42":0,"43":0,"44":0,"45":0,"46":0,"47":0,"48":0,"49":0,"50":0,"51":0,"52":0,"53":0,"54":0,"55":0,"56":0,"57":1,"58":0,"59":0,"60":0,"61":1,"62":0},"b":{"1":[0,0],"2":[0,0],"3":[0,0],"4":[0,0],"5":[0,0],"6":[0,0],"7":[0,0],"8":[0,0],"9":[0,0,0],"10":[0,0]},"f":{"1":0,"2":0,"3":0,"4":0,"5":0,"6":0,"7":0,"8":0,"9":0,"10":0},"fnMap":{"1":{"name":"Run","line":40,"loc":{"start":{"line":40,"column":0},"end":{"line":40,"column":15}}},"2":{"name":"(anonymous_2)","line":45,"loc":{"start":{"line":45,"column":19},"end":{"line":45,"column":38}}},"3":{"name":"(anonymous_3)","line":46,"loc":{"start":{"line":46,"column":29},"end":{"line":46,"column":55}}},"4":{"name":"parseOpts","line":100,"loc":{"start":{"line":100,"column":18},"end":{"line":100,"column":44}}},"5":{"name":"(anonymous_5)","line":106,"loc":{"start":{"line":106,"column":23},"end":{"line":106,"column":38}}},"6":{"name":"(anonymous_6)","line":115,"loc":{"start":{"line":115,"column":23},"end":{"line":115,"column":38}}},"7":{"name":"(anonymous_7)","line":131,"loc":{"start":{"line":131,"column":35},"end":{"line":131,"column":51}}},"8":{"name":"usage","line":166,"loc":{"start":{"line":166,"column":14},"end":{"line":166,"column":32}}},"9":{"name":"(anonymous_9)","line":172,"loc":{"start":{"line":172,"column":19},"end":{"line":172,"column":32}}},"10":{"name":"(anonymous_10)","line":187,"loc":{"start":{"line":187,"column":9},"end":{"line":187,"column":21}}}},"statementMap":{"1":{"start":{"line":7,"column":0},"end":{"line":7,"column":25}},"2":{"start":{"line":13,"column":0},"end":{"line":13,"column":27}},"3":{"start":{"line":14,"column":0},"end":{"line":14,"column":27}},"4":{"start":{"line":15,"column":0},"end":{"line":15,"column":28}},"5":{"start":{"line":16,"column":0},"end":{"line":16,"column":40}},"6":{"start":{"line":17,"column":0},"end":{"line":17,"column":40}},"7":{"start":{"line":18,"column":0},"end":{"line":32,"column":6}},"8":{"start":{"line":33,"column":0},"end":{"line":33,"column":17}},"9":{"start":{"line":36,"column":0},"end":{"line":36,"column":29}},"10":{"start":{"line":38,"column":0},"end":{"line":38,"column":45}},"11":{"start":{"line":40,"column":0},"end":{"line":51,"column":1}},"12":{"start":{"line":41,"column":2},"end":{"line":41,"column":18}},"13":{"start":{"line":43,"column":2},"end":{"line":43,"column":21}},"14":{"start":{"line":45,"column":2},"end":{"line":50,"column":5}},"15":{"start":{"line":46,"column":4},"end":{"line":49,"column":6}},"16":{"start":{"line":47,"column":6},"end":{"line":47,"column":44}},"17":{"start":{"line":48,"column":6},"end":{"line":48,"column":59}},"18":{"start":{"line":52,"column":0},"end":{"line":52,"column":18}},"19":{"start":{"line":53,"column":0},"end":{"line":53,"column":18}},"20":{"start":{"line":54,"column":0},"end":{"line":54,"column":26}},"21":{"start":{"line":60,"column":0},"end":{"line":60,"column":38}},"22":{"start":{"line":66,"column":0},"end":{"line":73,"column":2}},"23":{"start":{"line":79,"column":0},"end":{"line":87,"column":2}},"24":{"start":{"line":93,"column":0},"end":{"line":93,"column":24}},"25":{"start":{"line":100,"column":0},"end":{"line":160,"column":2}},"26":{"start":{"line":101,"column":2},"end":{"line":101,"column":59}},"27":{"start":{"line":102,"column":2},"end":{"line":102,"column":44}},"28":{"start":{"line":103,"column":2},"end":{"line":103,"column":32}},"29":{"start":{"line":106,"column":2},"end":{"line":112,"column":11}},"30":{"start":{"line":108,"column":4},"end":{"line":110,"column":5}},"31":{"start":{"line":109,"column":6},"end":{"line":109,"column":30}},"32":{"start":{"line":111,"column":4},"end":{"line":111,"column":15}},"33":{"start":{"line":115,"column":2},"end":{"line":124,"column":11}},"34":{"start":{"line":116,"column":4},"end":{"line":123,"column":5}},"35":{"start":{"line":117,"column":6},"end":{"line":117,"column":51}},"36":{"start":{"line":118,"column":6},"end":{"line":118,"column":19}},"37":{"start":{"line":119,"column":6},"end":{"line":121,"column":7}},"38":{"start":{"line":120,"column":8},"end":{"line":120,"column":50}},"39":{"start":{"line":122,"column":6},"end":{"line":122,"column":45}},"40":{"start":{"line":125,"column":2},"end":{"line":127,"column":3}},"41":{"start":{"line":126,"column":4},"end":{"line":126,"column":56}},"42":{"start":{"line":130,"column":2},"end":{"line":130,"column":40}},"43":{"start":{"line":131,"column":2},"end":{"line":154,"column":11}},"44":{"start":{"line":132,"column":4},"end":{"line":132,"column":54}},"45":{"start":{"line":132,"column":47},"end":{"line":132,"column":54}},"46":{"start":{"line":133,"column":4},"end":{"line":133,"column":32}},"47":{"start":{"line":134,"column":4},"end":{"line":153,"column":5}},"48":{"start":{"line":135,"column":6},"end":{"line":135,"column":22}},"49":{"start":{"line":138,"column":6},"end":{"line":138,"column":54}},"50":{"start":{"line":142,"column":6},"end":{"line":152,"column":7}},"51":{"start":{"line":143,"column":9},"end":{"line":149,"column":10}},"52":{"start":{"line":148,"column":12},"end":{"line":148,"column":34}},"53":{"start":{"line":151,"column":8},"end":{"line":151,"column":30}},"54":{"start":{"line":156,"column":2},"end":{"line":158,"column":3}},"55":{"start":{"line":157,"column":4},"end":{"line":157,"column":35}},"56":{"start":{"line":159,"column":2},"end":{"line":159,"column":15}},"57":{"start":{"line":166,"column":0},"end":{"line":180,"column":2}},"58":{"start":{"line":167,"column":2},"end":{"line":178,"column":15}},"59":{"start":{"line":173,"column":8},"end":{"line":173,"column":62}},"60":{"start":{"line":179,"column":2},"end":{"line":179,"column":13}},"61":{"start":{"line":186,"column":0},"end":{"line":191,"column":3}},"62":{"start":{"line":188,"column":6},"end":{"line":188,"column":34}}},"branchMap":{"1":{"line":108,"type":"if","locations":[{"start":{"line":108,"column":4},"end":{"line":108,"column":4}},{"start":{"line":108,"column":4},"end":{"line":108,"column":4}}]},"2":{"line":116,"type":"if","locations":[{"start":{"line":116,"column":4},"end":{"line":116,"column":4}},{"start":{"line":116,"column":4},"end":{"line":116,"column":4}}]},"3":{"line":119,"type":"if","locations":[{"start":{"line":119,"column":6},"end":{"line":119,"column":6}},{"start":{"line":119,"column":6},"end":{"line":119,"column":6}}]},"4":{"line":125,"type":"if","locations":[{"start":{"line":125,"column":2},"end":{"line":125,"column":2}},{"start":{"line":125,"column":2},"end":{"line":125,"column":2}}]},"5":{"line":132,"type":"if","locations":[{"start":{"line":132,"column":4},"end":{"line":132,"column":4}},{"start":{"line":132,"column":4},"end":{"line":132,"column":4}}]},"6":{"line":134,"type":"if","locations":[{"start":{"line":134,"column":4},"end":{"line":134,"column":4}},{"start":{"line":134,"column":4},"end":{"line":134,"column":4}}]},"7":{"line":142,"type":"if","locations":[{"start":{"line":142,"column":6},"end":{"line":142,"column":6}},{"start":{"line":142,"column":6},"end":{"line":142,"column":6}}]},"8":{"line":143,"type":"if","locations":[{"start":{"line":143,"column":9},"end":{"line":143,"column":9}},{"start":{"line":143,"column":9},"end":{"line":143,"column":9}}]},"9":{"line":143,"type":"binary-expr","locations":[{"start":{"line":143,"column":13},"end":{"line":143,"column":27}},{"start":{"line":144,"column":13},"end":{"line":144,"column":34}},{"start":{"line":145,"column":13},"end":{"line":145,"column":41}}]},"10":{"line":156,"type":"if","locations":[{"start":{"line":156,"column":2},"end":{"line":156,"column":2}},{"start":{"line":156,"column":2},"end":{"line":156,"column":2}}]}},"code":["\"use strict\";","","/**"," * Module exports."," */","","module.exports = exports;","","/**"," * Module dependencies."," */","","var path = require('path');","var nopt = require('nopt');","var log = require('npmlog');","var EE = require('events').EventEmitter;","var inherits = require('util').inherits;","var commands = [","      'clean',","      'install',","      'reinstall',","      'build',","      'rebuild',","      'package',","      'testpackage',","      'publish',","      'unpublish',","      'info',","      'testbinary',","      'reveal',","      'configure'","    ];","var aliases = {};","","// differentiate node-pre-gyp's logs from npm's","log.heading = 'node-pre-gyp';","","exports.find = require('./pre-binding').find;","","function Run() {","  var self = this;","","  this.commands = {};","","  commands.forEach(function (command) {","    self.commands[command] = function (argv, callback) {","      log.verbose('command', command, argv);","      return require('./' + command)(self, argv, callback);","    };","  });","}","inherits(Run, EE);","exports.Run = Run;","var proto = Run.prototype;","","/**"," * Export the contents of the package.json."," */","","proto.package = require('../package');","","/**"," * nopt configuration definitions"," */","","proto.configDefs = {","    help: Boolean,     // everywhere","    arch: String,      // 'configure'","    debug: Boolean,    // 'build'","    directory: String, // bin","    proxy: String,     // 'install'","    loglevel: String,  // everywhere","};","","/**"," * nopt shorthands"," */","","proto.shorthands = {","    release: '--no-debug',","    C: '--directory',","    debug: '--debug',","    j: '--jobs',","    silent: '--loglevel=silent',","    silly: '--loglevel=silly',","    verbose: '--loglevel=verbose',","};","","/**"," * expose the command aliases for the bin file to use."," */","","proto.aliases = aliases;","","/**"," * Parses the given argv array and sets the 'opts',"," * 'argv' and 'command' properties."," */","","proto.parseArgv = function parseOpts 
[...]
          ' <' + M + '.' + m + '.' + (+p + 1);","        else","          ret = '>=' + M + '.' + m + '.' + p +","                ' <' + M + '.' + (+m + 1) + '.0';","      } else","        ret = '>=' + M + '.' + m + '.' + p +","              ' <' + (+M + 1) + '.0.0';","    }","","    debug('caret return', ret);","    return ret;","  });","}","","function replaceXRanges(comp, loose) {","  debug('replaceXRanges', comp, loose);","  return comp.split(/\\s+/).map(function(comp) {","    return replaceXRange(comp, loose);","  }).join(' ');","}","","function replaceXRange(comp, loose) {","  comp = comp.trim();","  var r = loose ? re[XRANGELOOSE] : re[XRANGE];","  return comp.replace(r, function(ret, gtlt, M, m, p, pr) {","    debug('xRange', comp, ret, gtlt, M, m, p, pr);","    var xM = isX(M);","    var xm = xM || isX(m);","    var xp = xm || isX(p);","    var anyX = xp;","","    if (gtlt === '=' && anyX)","      gtlt = '';","","    if (xM) {","      if (gtlt === '>' || gtlt === '<') {","        // nothing is allowed","        ret = '<0.0.0';","      } else {","        // nothing is forbidden","        ret = '*';","      }","    } else if (gtlt && anyX) {","      // replace X with 0","      if (xm)","        m = 0;","      if (xp)","        p = 0;","","      if (gtlt === '>') {","        // >1 => >=2.0.0","        // >1.2 => >=1.3.0","        // >1.2.3 => >= 1.2.4","        gtlt = '>=';","        if (xm) {","          M = +M + 1;","          m = 0;","          p = 0;","        } else if (xp) {","          m = +m + 1;","          p = 0;","        }","      } else if (gtlt === '<=') {","        // <=0.7.x is actually <0.8.0, since any 0.7.x should","        // pass.  Similarly, <=7.x is actually <8.0.0, etc.","        gtlt = '<';","        if (xm)","          M = +M + 1;","        else","          m = +m + 1;","      }","","      ret = gtlt + M + '.' + m + '.' + p;","    } else if (xm) {","      ret = '>=' + M + '.0.0 <' + (+M + 1) + '.0.0';","    } else if (xp) {","      ret = '>=' + M + '.' + m + '.0 <' + M + '.' + (+m + 1) + '.0';","    }","","    debug('xRange return', ret);","","    return ret;","  });","}","","// Because * is AND-ed with everything else in the comparator,","// and '' means \"any version\", just remove the *s entirely.","function replaceStars(comp, loose) {","  debug('replaceStars', comp, loose);","  // Looseness is ignored here.  star is always as loose as it gets!","  return comp.trim().replace(re[STAR], '');","}","","// This function is passed to string.replace(re[HYPHENRANGE])","// M, m, patch, prerelease, build","// 1.2 - 3.4.5 => >=1.2.0 <=3.4.5","// 1.2.3 - 3.4 => >=1.2.0 <3.5.0 Any 3.4.x will do","// 1.2 - 3.4 => >=1.2.0 <3.5.0","function hyphenReplace($0,","                       from, fM, fm, fp, fpr, fb,","                       to, tM, tm, tp, tpr, tb) {","","  if (isX(fM))","    from = '';","  else if (isX(fm))","    from = '>=' + fM + '.0.0';","  else if (isX(fp))","    from = '>=' + fM + '.' + fm + '.0';","  else","    from = '>=' + from;","","  if (isX(tM))","    to = '';","  else if (isX(tm))","    to = '<' + (+tM + 1) + '.0.0';","  else if (isX(tp))","    to = '<' + tM + '.' + (+tm + 1) + '.0';","  else if (tpr)","    to = '<=' + tM + '.' + tm + '.' + tp + '-' + tpr;","  else","    to = '<=' + to;","","  return (from + ' ' + to).trim();","}","","","// if ANY of the sets match ALL of its comparators, then pass","Range.prototype.test = function(version) {","  if (!version)","    return false;","","  if (typeof version === 'string')","    version = new SemVer(version, this.loose);","","  for (var i = 0; i < this.set.length; i++) {","    if (testSet(this.set[i], version))","      return true;","  }","  return false;","};","","function testSet(set, version) {","  for (var i = 0; i < set.length; i++) {","    if (!set[i].test(version))","      return false;","  }","","  if (version.prerelease.length) {","    // Find the set of versions that are allowed to have prereleases","    // For example, ^1.2.3-pr.1 desugars to >=1.2.3-pr.1 <2.0.0","    // That should allow `1.2.3-pr.2` to pass.","    // However, `1.2.4-alpha.notready` should NOT be allowed,","    // even though it's within the range set by the comparators.","    for (var i = 0; i < set.length; i++) {","      debug(set[i].semver);","      if (set[i].semver === ANY)","        continue;","","      if (set[i].semver.prerelease.length > 0) {","        var allowed = set[i].semver;","        if (allowed.major === version.major &&","            allowed.minor === version.minor &&","            allowed.patch === version.patch)","          return true;","      }","    }","","    // Version has a -pre, but it's not one of the ones we like.","    return false;","  }","","  return true;","}","","exports.satisfies = satisfies;","function satisfies(version, range, loose) {","  try {","    range = new Range(range, loose);","  } catch (er) {","    return false;","  }","  return range.test(version);","}","","exports.maxSatisfying = maxSatisfying;","function maxSatisfying(versions, range, loose) {","  return versions.filter(function(version) {","    return satisfies(version, range, loose);","  }).sort(function(a, b) {","    return rcompare(a, b, loose);","  })[0] || null;","}","","exports.minSatisfying = minSatisfying;","function minSatisfying(versions, range, loose) {","  return versions.filter(function(version) {","    return satisfies(version, range, loose);","  }).sort(function(a, b) {","    return compare(a, b, loose);","  })[0] || null;","}","","exports.validRange = validRange;","function validRange(range, loose) {","  try {","    // Return '*' instead of '' so that truthiness works.","    // This will throw if it's invalid anyway","    return new Range(range, loose).range || '*';","  } catch (er) {","    return null;","  }","}","","// Determine if version is less than all the versions possible in the range","exports.ltr = ltr;","function ltr(version, range, loose) {","  return outside(version, range, '<', loose);","}","","// Determine if version is greater than all the versions possible in the range.","exports.gtr = gtr;","function gtr(version, range, loose) {","  return outside(version, range, '>', loose);","}","","exports.outside = outside;","function outside(version, range, hilo, loose) {","  version = new SemVer(version, loose);","  range = new Range(range, loose);","","  var gtfn, ltefn, ltfn, comp, ecomp;","  switch (hilo) {","    case '>':","      gtfn = gt;","      ltefn = lte;","      ltfn = lt;","      comp = '>';","      ecomp = '>=';","      break;","    case '<':","      gtfn = lt;","      ltefn = gte;","      ltfn = gt;","      comp = '<';","      ecomp = '<=';","      break;","    default:","      throw new TypeError('Must provide a hilo val of \"<\" or \">\"');","  }","","  // If it satisifes the range it is not outside","  if (satisfies(version, range, loose)) {","    return false;","  }","","  // From now on, variable terms are as if we're in \"gtr\" mode.","  // but note that everything is flipped for the \"ltr\" function.","","  for (var i = 0; i < range.set.length; ++i) {","    var comparators = range.set[i];","","    var high = null;","    var low = null;","","    comparators.forEach(function(comparator) {","      if (comparator.semver === ANY) {","        comparator = new Comparator('>=0.0.0')","      }","      high = high || comparator;","      low = low || comparator;","      if (gtfn(comparator.semver, high.semver, loose)) {","        high = comparator;","      } else if (ltfn(comparator.semver, low.semver, loose)) {","        low = comparator;","      }","    });","","    // If the edge version comparator has a operator then our version","    // isn't outside it","    if (high.operator === comp || high.operator === ecomp) {","      return false;","    }","","    // If the lowest version comparator has an operator and our version","    // is less than it then it isn't higher than the range","    if ((!low.operator || low.operator === comp) &&","        ltefn(version, low.semver)) {","      return false;","    } else if (low.operator === ecomp && ltfn(version, low.semver)) {","      return false;","    }","  }","  return true;","}","","exports.prerelease = prerelease;","function prerelease(version, loose) {","  var parsed = parse(version, loose);","  return (parsed && parsed.prerelease.length) ? parsed.prerelease : null;","}",""],"l":{"1":1,"4":1,"5":1,"9":0,"10":0,"11":0,"12":0,"15":1,"19":1,"21":1,"22":1,"25":1,"26":1,"27":1,"35":1,"36":1,"37":1,"38":1,"45":1,"46":1,"52":1,"53":1,"57":1,"58":1,"65":1,"66":1,"69":1,"70":1,"78":1,"79":1,"82":1,"83":1,"89":1,"90":1,"96":1,"97":1,"110":1,"111":1,"115":1,"120":1,"124":1,"125":1,"127":1,"128":1,"133":1,"134":1,"135":1,"136":1,"138":1,"139":1,"146":1,"147":1,"154":1,"155":1,"156":1,"157":1,"161":1,"162":1,"164":1,"165":1,"166":1,"167":1,"169":1,"170":1,"171":1,"172":1,"176":1,"177":1,"179":1,"180":1,"181":1,"182":1,"184":1,"185":1,"186":1,"187":1,"190":1,"191":1,"192":1,"193":1,"198":1,"199":1,"203":1,"204":1,"211":1,"212":1,"217":1,"218":1,"224":1,"225":1,"229":1,"230":34,"231":34,"232":31,"235":1,"236":1,"237":2,"238":0,"240":2,"241":0,"243":2,"244":0,"246":2,"247":2,"248":0,"250":2,"251":2,"253":0,"257":1,"258":1,"259":0,"260":0,"264":1,"265":1,"266":0,"267":0,"270":1,"272":1,"273":2,"274":0,"275":0,"277":0,"278":2,"279":0,"282":2,"283":0,"285":2,"286":0,"288":2,"289":2,"290":2,"292":2,"293":0,"295":2,"298":2,"299":2,"300":2,"302":2,"303":0,"305":2,"306":0,"308":2,"309":0,"312":2,"313":2,"315":0,"316":0,"317":0,"318":0,"319":0,"321":0,"324":2,"325":2,"328":1,"329":2,"330":2,"331":0,"332":2,"335":1,"336":0,"339":1,"340":0,"341":0,"342":0,"344":0,"347":1,"348":0,"349":0,"351":0,"356":1,"357":0,"358":0,"361":0,"362":0,"363":0,"364":0,"365":0,"366":0,"368":0,"369":0,"370":0,"371":0,"372":0,"373":0,"374":0,"375":0,"376":0,"377":0,"378":0,"379":0,"380":0,"382":0,"388":1,"389":0,"391":0,"392":0,"393":0,"394":0,"395":0,"396":0,"398":0,"399":0,"400":0,"401":0,"402":0,"407":0,"408":0,"409":0,"410":0,"414":0,"415":0,"416":0,"417":0,"424":0,"425":0,"426":0,"427":0,"428":0,"429":0,"435":0,"436":0,"437":0,"438":0,"439":0,"445":0,"446":0,"447":0,"448":0,"452":0,"453":0,"455":0,"456":0,"457":0,"458":0,"459":0,"462":0,"463":0,"465":0,"468":0,"469":0,"470":0,"472":0,"474":0,"477":0,"479":0,"480":0,"481":0,"484":1,"485":1,"486":0,"487":0,"488":0,"491":0,"492":0,"494":0,"498":1,"499":1,"500":0,"501":0,"503":0,"504":0,"505":0,"506":0,"507":0,"508":0,"509":0,"513":0,"515":0,"516":0,"517":0,"518":0,"525":1,"527":1,"528":1,"529":0,"530":0,"532":0,"533":0,"534":0,"537":0,"544":1,"545":1,"546":0,"549":1,"550":1,"551":0,"554":1,"555":1,"556":0,"559":1,"560":1,"561":0,"564":1,"565":1,"566":0,"569":1,"570":1,"571":0,"574":1,"575":1,"576":0,"579":1,"580":1,"581":0,"582":0,"586":1,"587":1,"588":0,"589":0,"593":1,"594":1,"595":0,"598":1,"599":1,"600":0,"603":1,"604":1,"605":0,"608":1,"609":1,"610":0,"613":1,"614":1,"615":0,"618":1,"619":1,"620":0,"623":1,"624":1,"625":0,"626":0,"628":0,"629":0,"630":0,"631":0,"633":0,"634":0,"635":0,"636":0,"637":0,"638":0,"639":0,"640":0,"641":0,"642":0,"643":0,"645":0,"648":1,"649":1,"650":0,"651":0,"652":0,"654":0,"657":0,"658":0,"660":0,"661":0,"662":0,"664":0,"665":0,"667":0,"669":0,"672":1,"673":1,"674":0,"675":0,"677":0,"678":0,"680":0,"681":0,"682":0,"685":0,"686":0,"688":0,"691":1,"692":0,"695":1,"696":0,"698":0,"699":0,"701":0,"702":0,"704":0,"708":1,"709":1,"710":0,"711":0,"713":0,"714":0,"716":0,"719":0,"720":0,"721":0,"724":0,"727":0,"728":0,"731":0,"734":1,"735":0,"736":0,"738":0,"741":1,"742":0,"745":1,"746":0,"747":0,"748":0,"750":0,"751":0,"752":0,"754":0,"755":0,"758":0,"761":0,"764":0,"769":0,"770":0,"771":0,"773":0,"775":0,"776":0,"779":0,"780":0,"783":0,"787":1,"788":1,"789":0,"790":0,"791":0,"799":1,"800":0,"801":0,"802":0,"803":0,"804":0,"805":0,"806":0,"807":0,"808":0,"809":0,"812":1,"813":0,"822":1,"823":0,"824":0,"828":1,"829":0,"830":0,"831":0,"832":0,"834":0,"835":0,"836":0,"837":0,"838":0,"840":0,"841":0,"842":0,"843":0,"844":0,"845":0,"849":0,"852":0,"853":0,"863":1,"864":0,"865":0,"869":1,"870":0,"871":0,"872":0,"873":0,"874":0,"876":0,"877":0,"878":0,"879":0,"880":0,"881":0,"882":0,"884":0,"885":0,"886":0,"887":0,"888":0,"889":0,"890":0,"891":0,"894":0,"897":0,"900":0,"901":0,"902":0,"903":0,"906":0,"909":0,"913":0,"914":0,"918":1,"919":0,"920":0,"921":0,"925":1,"926":0,"927":0,"928":0,"929":0,"930":0,"931":0,"932":0,"933":0,"935":0,"936":0,"938":0,"939":0,"941":0,"944":0,"946":0,"948":0,"949":0,"950":0,"951":0,"953":0,"957":0,"958":0,"959":0,"960":0,"961":0,"962":0,"963":0,"964":0,"966":0,"969":0,"970":0,"971":0,"973":0,"976":0,"977":0,"978":0,"979":0,"980":0,"983":0,"985":0,"991":1,"992":0,"994":0,"1002":1,"1006":0,"1007":0,"1008":0,"1009":0,"1010":0,"1011":0,"1013":0,"1015":0,"1016":0,"1017":0,"1018":0,"1019":0,"1020":0,"1021":0,"1022":0,"1024":0,"1026":0,"1031":1,"1032":0,"1033":0,"1035":0,"1036":0,"1038":0,"1039":0,"1040":0,"1042":0,"1045":1,"1046":0,"1047":0,"1048":0,"1051":0,"1057":0,"1058":0,"1059":0,"1060":0,"1062":0,"1063":0,"1064":0,"1067":0,"1072":0,"1075":0,"1078":1,"1079":1,"1080":0,"1081":0,"1083":0,"1085":0,"1088":1,"1089":1,"1090":0,"1091":0,"1093":0,"1097":1,"1098":1,"1099":0,"1100":0,"1102":0,"1106":1,"1107":1,"1108":0,"1111":0,"1113":0,"1118":1,"1119":1,"1120":0,"1124":1,"1125":1,"1126":0,"1129":1,"1130":1,"1131":0,"1132":0,"1134":0,"1135":0,"1137":0,"1138":0,"1139":0,"1140":0,"1141":0,"1142":0,"1144":0,"1145":0,"1146":0,"1147":0,"1148":0,"1149":0,"1151":0,"1155":0,"1156":0,"1162":0,"1163":0,"1165":0,"1166":0,"1168":0,"1169":0,"1170":0,"1172":0,"1173":0,"1174":0,"1175":0,"1176":0,"1177":0,"1183":0,"1184":0,"1189":0,"1191":0,"1192":0,"1193":0,"1196":0,"1199":1,"1200":1,"1201":0,"1202":0}},"/home/travis/build/npmtest/node-npmtest-sqlite3/node_modules/sqlite3/.eslintrc.js":{"path":"/home/travis/build/npmtest/node-npmtest-sqlite3/node_modules/sqlite3/.eslintrc.js","s":{"1":1},"b":{},"f":{},"fnMap":{},"statementMap":{"1":{"start":{"line":1,"column":0},"end":{"line":12,"column":1}}},"branchMap":{},"code":["module.exports = {","    \"extends\": \"eslint:recommended\",","    \"env\": {","        \"node\": true","    },","    \"rules\": {","        \"indent\": [\"error\", 4],","        \"linebreak-style\": [\"error\", \"unix\"],","        \"semi\": [\"error\", \"always\"],","        \"no-cond-assign\": [\"error\", \"always\"]","    }","}",""],"l":{"1":1}},"/home/travis/build/npmtest/node-npmtest-sqlite3/node_modules/sqlite3/lib/trace.js":{"path":"/home/travis/build/npmtest/node-npmtest-sqlite3/node_modules/sqlite3/lib/trace.js","s":{"1":1,"2":1,"3":0,"4":0,"5":0,"6":0,"7":0,"8":0,"9":0,"10":0,"11":0,"12":0,"13":0,"14":0,"15":0,"16":0,"17":0,"18":0,"19":0,"20":0,"21":0,"22":0,"23":0,"24":1,"25":1,"26":0,"27":0},"b":{"1":[0,0],"2":[0,0],"3":[0,0],"4":[0,0],"5":[0,0,0]},"f":{"1":0,"2":0,"3":0,"4":0,"5":0,"6":0},"fnMap":{"1":{"name":"extendTrace","line":4,"loc":{"start":{"line":4,"column":0},"end":{"line":4,"column":44}}},"2":{"name":"(anonymous_2)","line":6,"loc":{"start":{"line":6,"column":23},"end":{"line":6,"column":34}}},"3":{"name":"(anonymous_3)","line":9,"loc":{"start":{"line":9,"column":54},"end":{"line":9,"column":67}}},"4":{"name":"replacement","line":17,"loc":{"start":{"line":17,"column":29},"end":{"line":17,"column":52}}},"5":{"name":"filter","line":37,"loc":{"start":{"line":37,"column":0},"end":{"line":37,"column":23}}},"6":{"name":"(anonymous_6)","line":38,"loc":{"start":{"line":38,"column":42},"end":{"line":38,"column":57}}}},"statementMap":{"1":{"start":{"line":2,"column":0},"end":{"line":2,"column":27}},"2":{"start":{"line":4,"column":0},"end":{"line":33,"column":1}},"3":{"start":{"line":5,"column":4},"end":{"line":5,"column":31}},"4":{"start":{"line":6,"column":4},"end":{"line":32,"column":6}},"5":{"start":{"line":7,"column":8},"end":{"line":7,"column":32}},"6":{"start":{"line":8,"column":8},"end":{"line":11,"column":32}},"7":{"start":{"line":10,"column":16},"end":{"line":10,"column":50}},"8":{"start":{"line":13,"column":8},"end":{"line":13,"column":49}},"9":{"start":{"line":13,"column":40},"end":{"line":13,"column":49}},"10":{"start":{"line":14,"column":8},"end":{"line":14,"column":45}},"11":{"start":{"line":14,"column":21},"end":{"line":14,"column":45}},"12":{"start":{"line":15,"column":8},"end":{"line":15,"column":32}},"13":{"start":{"line":16,"column":8},"end":{"line":30,"column":9}},"14":{"start":{"line":17,"column":12},"end":{"line":29,"column":14}},"15":{"start":{"line":18,"column":16},"end":{"line":28,"column":17}},"16":{"start":{"line":19,"column":20},"end":{"line":19,"column":53}},"17":{"start":{"line":21,"column":20},"end":{"line":26,"column":21}},"18":{"start":{"line":22,"column":24},"end":{"line":22,"column":59}},"19":{"start":{"line":23,"column":24},"end":{"line":23,"column":56}},"20":{"start":{"line":24,"column":24},"end":{"line":24,"column":78}},"21":{"start":{"line":25,"column":24},"end":{"line":25,"column":47}},"22":{"start":{"line":27,"column":20},"end":{"line":27,"column":30}},"23":{"start":{"line":31,"column":8},"end":{"line":31,"column":42}},"24":{"start":{"line":34,"column":0},"end":{"line":34,"column":34}},"25":{"start":{"line":37,"column":0},"end":{"line":41,"column":1}},"26":{"start":{"line":38,"column":4},"end":{"line":40,"column":7}},"27":{"start":{"line":39,"column":8},"end":{"line":39,"column":44}}},"branchMap":{"1":{"line":13,"type":"if","locations":[{"start":{"line":13,"column":8},"end":{"line":13,"column":8}},{"start":{"line":13,"column":8},"end":{"line":13,"column":8}}]},"2":{"line":14,"type":"if","locations":[{"start":{"line":14,"column":8},"end":{"line":14,"column":8}},{"start":{"line":14,"column":8},"end":{"line":14,"column":8}}]},"3":{"line":16,"type":"if","locations":[{"start":{"line":16,"column":8},"end":{"line":16,"column":8}},{"start":{"line":16,"column":8},"end":{"line":16,"column":8}}]},"4":{"line":21,"type":"if","locations":[{"start":{"line":21,"column":20},"end":{"line":21,"column":20}},{"start":{"line":21,"column":20},"end":{"line":21,"column":20}}]},"5":{"line":21,"type":"binary-expr","locations":[{"start":{"line":21,"column":24},"end":{"line":21,"column":27}},{"start":{"line":21,"column":31},"end":{"line":21,"column":40}},{"start":{"line":21,"column":44},"end":{"line":21,"column":60}}]}},"code":["// Inspired by https://github.com/tlrobinson/long-stack-traces","var util = require('util');","","function extendTrace(object, property, pos) {","    var old = object[property];","    object[property] = function() {","        var error = new Error();","        var name = object.constructor.name + '#' + property + '(' + ","            Array.prototype.slice.call(arguments).map(function(el) {","                return util.inspect(el, false, 0);","            }).join(', ') + ')';","","        if (typeof pos === 'undefined') pos = -1;","        if (pos < 0) pos += arguments.length;","        var cb = arguments[pos];","        if (typeof arguments[pos] === 'function') {","            arguments[pos] = function replacement() {","                try {","                    return cb.apply(this, arguments);","                } catch (err) {","                    if (err && err.stack && !err.__augmented) {","                        err.stack = filter(err).join('\\n');","                        err.stack += '\\n--> in ' + name;","                        err.stack += '\\n' + filter(error).slice(1).join('\\n');","                        err.__augmented = true;","                    }","                    throw err;","                }","            };","        }","        return old.apply(this, arguments);","    };","}","exports.extendTrace = extendTrace;","","","function filter(error) {","    return error.stack.split('\\n').filter(function(line) {","        return line.indexOf(__filename) < 0;","    });","}",""],"l":{"2":1,"4":1,"5":0,"6":0,"7":0,"8":0,"10":0,"13":0,"14":0,"15":0,"16":0,"17":0,"18":0,"19":0,"21":0,"22":0,"23":0,"24":0,"25":0,"27":0,"31":0,"34":1,"37":1,"38":0,"39":0}}}